<?xml version="1.0" encoding="UTF-8"?>
<!-- Generated by org.testng.reporters.JUnitXMLReporter -->
<testsuite ignored="10" hostname="SWQA-1" failures="0" tests="6" name="Surefire test" time="54.27" errors="0" timestamp="2024-05-03T14:52:46 BST">
  <testcase classname="io.cucumber.testng.AbstractTestNGCucumberTests" name="runScenario" time="4.584"/>
  <testcase classname="srimettu.tests.deviceManagementTest" name="deviceEdit" time="6.542"/>
  <testcase classname="srimettu.tests.EscortManagementTest" name="addEscortEvent" time="8.37"/>
  <testcase classname="srimettu.tests.EscortManagementTest" name="deleteEscortEvent" time="4.51"/>
  <testcase classname="srimettu.tests.StandAloneTest" name="alarmHistory" time="6.729"/>
  <testcase classname="srimettu.tests.StandAloneTest" name="mableHistory" time="6.794"/>
  <testcase classname="srimettu.tests.deviceManagementTest" name="loadDevice" time="0.0">
    <ignored/>
  </testcase> <!-- loadDevice -->
  <testcase classname="srimettu.tests.StandAloneTest" name="mAlarmClear" time="0.0">
    <ignored/>
  </testcase> <!-- mAlarmClear -->
  <testcase classname="srimettu.tests.UserManagementTest" name="userAdd" time="0.0">
    <ignored/>
  </testcase> <!-- userAdd -->
  <testcase classname="srimettu.tests.UserManagementTest" name="unassignDev" time="0.0">
    <ignored/>
  </testcase> <!-- unassignDev -->
  <testcase classname="srimettu.tests.StandAloneTest" name="logIn" time="0.0">
    <ignored/>
  </testcase> <!-- logIn -->
  <testcase classname="srimettu.tests.UserManagementTest" name="userDelete" time="0.0">
    <ignored/>
  </testcase> <!-- userDelete -->
  <testcase classname="srimettu.tests.UserManagementTest" name="userEdit" time="0.0">
    <ignored/>
  </testcase> <!-- userEdit -->
  <testcase classname="srimettu.tests.StandAloneTest" name="bAlertClear" time="0.0">
    <ignored/>
  </testcase> <!-- bAlertClear -->
  <testcase classname="srimettu.tests.StandAloneTest" name="logOut" time="0.0">
    <ignored/>
  </testcase> <!-- logOut -->
  <testcase classname="srimettu.tests.UserManagementTest" name="assignDev" time="0.0">
    <ignored/>
  </testcase> <!-- assignDev -->
</testsuite> <!-- Surefire test -->
