<?xml version="1.0" encoding="UTF-8"?>
<!-- Generated by org.testng.reporters.JUnitXMLReporter -->
<testsuite ignored="0" hostname="SWQA-1" failures="0" tests="3" name="Test" time="12.163" errors="0" timestamp="2024-04-09T09:28:48 BST">
  <testcase classname="srimettu.SeleniumFrameworkDesign.StandAloneTest" name="bAlertClear" time="5.333"/>
  <testcase classname="srimettu.SeleniumFrameworkDesign.StandAloneTest" name="logInOut" time="2.736"/>
  <testcase classname="srimettu.SeleniumFrameworkDesign.StandAloneTest" name="mAlarmClear" time="4.047"/>
</testsuite> <!-- Test -->
