<?xml version="1.0" encoding="UTF-8"?>
<!-- Generated by org.testng.reporters.JUnitXMLReporter -->
<testsuite ignored="3" hostname="SWQA-1" failures="0" tests="2" name="Default test" time="15.486" errors="0" timestamp="2024-04-30T10:23:57 BST">
  <testcase classname="srimettu.tests.UserManagementTest" name="userAdd" time="4.629"/>
  <testcase classname="srimettu.tests.UserManagementTest" name="userDelete" time="4.497"/>
  <testcase classname="srimettu.tests.UserManagementTest" name="assignDev" time="0.0">
    <ignored/>
  </testcase> <!-- assignDev -->
  <testcase classname="srimettu.tests.UserManagementTest" name="unassignDev" time="0.0">
    <ignored/>
  </testcase> <!-- unassignDev -->
  <testcase classname="srimettu.tests.UserManagementTest" name="userEdit" time="0.0">
    <ignored/>
  </testcase> <!-- userEdit -->
</testsuite> <!-- Default test -->
