<?xml version="1.0" encoding="UTF-8"?>
<!-- Generated by org.testng.reporters.JUnitXMLReporter -->
<testsuite ignored="1" hostname="SWQA-1" failures="0" tests="1" name="Default test" time="9.914" errors="0" timestamp="2024-05-07T09:38:14 BST">
  <testcase classname="srimettu.tests.deviceManagementTest" name="deviceEdit" time="6.351"/>
  <testcase classname="srimettu.tests.deviceManagementTest" name="loadDevice" time="0.0">
    <ignored/>
  </testcase> <!-- loadDevice -->
</testsuite> <!-- Default test -->
