<?xml version="1.0" encoding="UTF-8"?>
<!-- Generated by org.testng.reporters.JUnitXMLReporter -->
<testsuite ignored="0" hostname="SWQA-1" failures="0" tests="6" name="DataProviderEValidation" time="48.233" errors="0" timestamp="2024-04-16T08:28:45 BST">
  <testcase classname="srimettu.tests.DataProviderEValidation" name="InvalidlogIn" time="0.79"/>
  <testcase classname="srimettu.tests.DataProviderEValidation" name="InvalidlogIn" time="0.766"/>
  <testcase classname="srimettu.tests.DataProviderEValidation" name="logInCheck" time="0.952"/>
  <testcase classname="srimettu.tests.DataProviderEValidation" name="logInCheck" time="0.79"/>
  <testcase classname="srimettu.tests.DataProviderEValidation" name="logInCheckdata" time="0.674"/>
  <testcase classname="srimettu.tests.DataProviderEValidation" name="logInCheckdata" time="0.637"/>
</testsuite> <!-- DataProviderEValidation -->
