<?xml version="1.0" encoding="UTF-8"?>
<!-- Generated by org.testng.reporters.JUnitXMLReporter -->
<testsuite ignored="1" hostname="SWQA-1" failures="0" tests="1" name="deviceManagementTest" time="7.342" errors="0" timestamp="2024-04-23T14:04:03 BST">
  <testcase classname="srimettu.tests.deviceManagementTest" name="deviceEdit" time="4.215"/>
  <testcase classname="srimettu.tests.deviceManagementTest" name="loadDevice" time="0.0">
    <ignored/>
  </testcase> <!-- loadDevice -->
</testsuite> <!-- deviceManagementTest -->
