<?xml version="1.0" encoding="UTF-8"?>
<!-- Generated by org.testng.reporters.JUnitXMLReporter -->
<testsuite ignored="0" hostname="SWQA-1" failures="0" tests="11" name="deviceManagementTest" time="123.259" errors="0" timestamp="2024-05-10T12:31:44 BST">
  <testcase classname="srimettu.tests.deviceManagementTest" name="addAlarmArea" time="5.45"/>
  <testcase classname="srimettu.tests.deviceManagementTest" name="addBeacon" time="6.112"/>
  <testcase classname="srimettu.tests.deviceManagementTest" name="addGateway" time="6.258"/>
  <testcase classname="srimettu.tests.deviceManagementTest" name="assignUser" time="7.252"/>
  <testcase classname="srimettu.tests.deviceManagementTest" name="delAlarmArea" time="6.138"/>
  <testcase classname="srimettu.tests.deviceManagementTest" name="deviceEdit" time="5.955"/>
  <testcase classname="srimettu.tests.deviceManagementTest" name="editGateway" time="6.463"/>
  <testcase classname="srimettu.tests.deviceManagementTest" name="loadDevice" time="26.248"/>
  <testcase classname="srimettu.tests.deviceManagementTest" name="unAssignUser" time="5.114"/>
  <testcase classname="srimettu.tests.deviceManagementTest" name="DeleteGateway" time="6.539"/>
  <testcase classname="srimettu.tests.deviceManagementTest" name="delBeacon" time="8.84"/>
</testsuite> <!-- deviceManagementTest -->
