<?xml version="1.0" encoding="UTF-8"?>
<!-- Generated by org.testng.reporters.JUnitXMLReporter -->
<testsuite ignored="0" hostname="SWQA-1" failures="4" tests="6" name="ErrorvalidationTest" time="20.659" errors="0" timestamp="2024-04-12T12:19:53 BST">
  <testcase classname="srimettu.tests.ErrorValidation" name="InvalidlogIn" time="0.578">
    <failure type="java.lang.AssertionError" message="expected [invalid username or password....(If forgot username or password then contact your supervisor or administrator)] but found [ivalid username or password....(If forgot username or password then contact your supervisor or administrator)]">
      <![CDATA[java.lang.AssertionError: expected [invalid username or password....(If forgot username or password then contact your supervisor or administrator)] but found [ivalid username or password....(If forgot username or password then contact your supervisor or administrator)]
at srimettu.tests.ErrorValidation.InvalidlogIn(ErrorValidation.java:23)
at java.base/java.util.ArrayList.forEach(ArrayList.java:1511)
... Removed 33 stack frames]]>
    </failure>
  </testcase> <!-- InvalidlogIn -->
  <testcase classname="srimettu.tests.ErrorValidation" name="InvalidlogIn" time="0.577">
    <failure type="java.lang.AssertionError" message="expected [invalid username or password....(If forgot username or password then contact your supervisor or administrator)] but found [ivalid username or password....(If forgot username or password then contact your supervisor or administrator)]">
      <![CDATA[java.lang.AssertionError: expected [invalid username or password....(If forgot username or password then contact your supervisor or administrator)] but found [ivalid username or password....(If forgot username or password then contact your supervisor or administrator)]
at srimettu.tests.ErrorValidation.InvalidlogIn(ErrorValidation.java:23)
at java.base/java.util.ArrayList.forEach(ArrayList.java:1511)
... Removed 33 stack frames]]>
    </failure>
  </testcase> <!-- InvalidlogIn -->
  <testcase classname="srimettu.tests.ErrorValidation" name="logInCheck" time="0.549"/>
  <testcase classname="srimettu.tests.ErrorValidation" name="logInCheck" time="0.543"/>
  <testcase classname="srimettu.tests.ErrorValidation" name="logInCheckdata" time="0.533">
    <failure type="java.lang.AssertionError" message="expected [DASHBOARD] but found [DASBOARD]">
      <![CDATA[java.lang.AssertionError: expected [DASHBOARD] but found [DASBOARD]
at srimettu.tests.ErrorValidation.logInCheckdata(ErrorValidation.java:44)
at java.base/java.util.ArrayList.forEach(ArrayList.java:1511)
... Removed 33 stack frames]]>
    </failure>
  </testcase> <!-- logInCheckdata -->
  <testcase classname="srimettu.tests.ErrorValidation" name="logInCheckdata" time="0.547">
    <failure type="java.lang.AssertionError" message="expected [DASHBOARD] but found [DASBOARD]">
      <![CDATA[java.lang.AssertionError: expected [DASHBOARD] but found [DASBOARD]
at srimettu.tests.ErrorValidation.logInCheckdata(ErrorValidation.java:44)
at java.base/java.util.ArrayList.forEach(ArrayList.java:1511)
... Removed 33 stack frames]]>
    </failure>
  </testcase> <!-- logInCheckdata -->
</testsuite> <!-- ErrorvalidationTest -->
