<?xml version="1.0" encoding="UTF-8"?>
<!-- Generated by org.testng.reporters.JUnitXMLReporter -->
<testsuite ignored="4" hostname="SWQA-1" failures="0" tests="2" name="StandAloneTest" time="20.063" errors="0" timestamp="2024-05-09T09:13:38 BST">
  <testcase classname="srimettu.tests.StandAloneTest" name="alarmHistory" time="6.872"/>
  <testcase classname="srimettu.tests.StandAloneTest" name="mableHistory" time="6.842"/>
  <testcase classname="srimettu.tests.StandAloneTest" name="logOut" time="0.0">
    <ignored/>
  </testcase> <!-- logOut -->
  <testcase classname="srimettu.tests.StandAloneTest" name="mAlarmClear" time="0.0">
    <ignored/>
  </testcase> <!-- mAlarmClear -->
  <testcase classname="srimettu.tests.StandAloneTest" name="logIn" time="0.0">
    <ignored/>
  </testcase> <!-- logIn -->
  <testcase classname="srimettu.tests.StandAloneTest" name="bAlertClear" time="0.0">
    <ignored/>
  </testcase> <!-- bAlertClear -->
</testsuite> <!-- StandAloneTest -->
