<?xml version="1.0" encoding="UTF-8"?>
<!-- Generated by org.testng.reporters.JUnitXMLReporter -->
<testsuite ignored="0" hostname="SWQA-1" failures="0" tests="6" name="StandAloneTest" time="31.878" errors="0" timestamp="2024-04-26T15:00:28 BST">
  <testcase classname="srimettu.tests.StandAloneTest" name="logIn" time="0.409"/>
  <testcase classname="srimettu.tests.StandAloneTest" name="alarmHistory" time="4.651"/>
  <testcase classname="srimettu.tests.StandAloneTest" name="bAlertClear" time="2.397"/>
  <testcase classname="srimettu.tests.StandAloneTest" name="mAlarmClear" time="1.93"/>
  <testcase classname="srimettu.tests.StandAloneTest" name="mableHistory" time="4.696"/>
  <testcase classname="srimettu.tests.StandAloneTest" name="logOut" time="0.446"/>
</testsuite> <!-- StandAloneTest -->
