<?xml version="1.0" encoding="UTF-8"?>
<!-- Generated by org.testng.reporters.JUnitXMLReporter -->
<testsuite ignored="0" hostname="SWQA-1" failures="0" tests="3" name="SysConfigTest" time="20.36" errors="0" timestamp="2024-05-09T09:15:37 BST">
  <testcase classname="srimettu.tests.SysConfigTest" name="ekIP" time="3.964"/>
  <testcase classname="srimettu.tests.SysConfigTest" name="hubIP" time="4.004"/>
  <testcase classname="srimettu.tests.SysConfigTest" name="intAlarm" time="3.799"/>
</testsuite> <!-- SysConfigTest -->
