<?xml version="1.0" encoding="UTF-8"?>
<!-- Generated by org.testng.reporters.JUnitXMLReporter -->
<testsuite ignored="0" hostname="SWQA-1" failures="0" tests="3" name="SysConfigTest" time="19.715" errors="0" timestamp="2024-05-15T12:03:41 BST">
  <testcase classname="srimettu.tests.SysConfigTest" name="ekIP" time="4.003"/>
  <testcase classname="srimettu.tests.SysConfigTest" name="hubIP" time="3.956"/>
  <testcase classname="srimettu.tests.SysConfigTest" name="intAlarm" time="3.762"/>
</testsuite> <!-- SysConfigTest -->
