<?xml version="1.0" encoding="UTF-8"?>
<!-- Generated by org.testng.reporters.JUnitXMLReporter -->
<testsuite ignored="0" hostname="SWQA-1" failures="2" tests="8" name="DataProviderEValidation" time="58.004" errors="0" timestamp="2024-04-17T14:17:32 BST">
  <testcase classname="srimettu.tests.DataProviderEValidation" name="InvalidlogIn" time="0.971">
    <skipped/>
  </testcase> <!-- InvalidlogIn -->
  <testcase classname="srimettu.tests.DataProviderEValidation" name="InvalidlogIn" time="0.962">
    <failure type="java.lang.AssertionError" message="expected [Benutzername oder Passwort ungültig... (Falls Sie Ihren Benutzernamen oder Ihr Passwort vergessen haben, wenden Sie sich bitte an Ihren Vorgesetzten oder Administrator)] but found [invalid username or password....(If forgot username or password then contact your supervisor or administrator)]">
      <![CDATA[java.lang.AssertionError: expected [Benutzername oder Passwort ungültig... (Falls Sie Ihren Benutzernamen oder Ihr Passwort vergessen haben, wenden Sie sich bitte an Ihren Vorgesetzten oder Administrator)] but found [invalid username or password....(If forgot username or password then contact your supervisor or administrator)]
at srimettu.tests.DataProviderEValidation.InvalidlogIn(DataProviderEValidation.java:25)
at java.base/java.util.ArrayList.forEach(ArrayList.java:1596)
... Removed 35 stack frames]]>
    </failure>
  </testcase> <!-- InvalidlogIn -->
  <testcase classname="srimettu.tests.DataProviderEValidation" name="InvalidlogIn" time="0.982">
    <skipped/>
  </testcase> <!-- InvalidlogIn -->
  <testcase classname="srimettu.tests.DataProviderEValidation" name="InvalidlogIn" time="1.002">
    <failure type="java.lang.AssertionError" message="expected [Benutzername oder Passwort ungültig... (Falls Sie Ihren Benutzernamen oder Ihr Passwort vergessen haben, wenden Sie sich bitte an Ihren Vorgesetzten oder Administrator)] but found [invalid username or password....(If forgot username or password then contact your supervisor or administrator)]">
      <![CDATA[java.lang.AssertionError: expected [Benutzername oder Passwort ungültig... (Falls Sie Ihren Benutzernamen oder Ihr Passwort vergessen haben, wenden Sie sich bitte an Ihren Vorgesetzten oder Administrator)] but found [invalid username or password....(If forgot username or password then contact your supervisor or administrator)]
at srimettu.tests.DataProviderEValidation.InvalidlogIn(DataProviderEValidation.java:25)
at java.base/java.util.ArrayList.forEach(ArrayList.java:1596)
... Removed 35 stack frames]]>
    </failure>
  </testcase> <!-- InvalidlogIn -->
  <testcase classname="srimettu.tests.DataProviderEValidation" name="logInCheck" time="0.857"/>
  <testcase classname="srimettu.tests.DataProviderEValidation" name="logInCheck" time="0.9"/>
  <testcase classname="srimettu.tests.DataProviderEValidation" name="logInCheckdata" time="0.902"/>
  <testcase classname="srimettu.tests.DataProviderEValidation" name="logInCheckdata" time="0.905"/>
</testsuite> <!-- DataProviderEValidation -->
