<?xml version="1.0" encoding="UTF-8"?>
<!-- Generated by org.testng.reporters.JUnitXMLReporter -->
<testsuite ignored="0" hostname="SWQA-1" failures="0" tests="4" name="StandaloneTest" time="34.4" errors="0" timestamp="2024-04-18T09:33:01 BST">
  <testcase classname="srimettu.tests.StandAloneTest" name="logIn" time="1.018"/>
  <testcase classname="srimettu.tests.StandAloneTest" name="bAlertClear" time="4.218"/>
  <testcase classname="srimettu.tests.StandAloneTest" name="mAlarmClear" time="3.464"/>
  <testcase classname="srimettu.tests.StandAloneTest" name="logOut" time="2.165"/>
</testsuite> <!-- StandaloneTest -->
