<?xml version="1.0" encoding="UTF-8"?>
<testng-results ignored="0" total="18" passed="16" failed="1" skipped="1">
  <reporter-output>
  </reporter-output>
  <suite started-at="2024-05-31T15:20:08 BST" name="Surefire suite" finished-at="2024-05-31T15:25:18 BST" duration-ms="309612">
    <groups>
    </groups>
    <test started-at="2024-05-31T15:20:08 BST" name="Surefire test" finished-at="2024-05-31T15:25:18 BST" duration-ms="309612">
      <class name="srimettu.tests.StandAloneTest">
        <test-method is-config="true" signature="launchApplication()[pri:0, instance:srimettu.tests.StandAloneTest@2925bf5b]" started-at="2024-05-31T15:24:41 BST" name="launchApplication" finished-at="2024-05-31T15:24:43 BST" duration-ms="2087" status="PASS">
          <reporter-output>
          </reporter-output>
        </test-method> <!-- launchApplication -->
        <test-method signature="alarmHistory()[pri:0, instance:srimettu.tests.StandAloneTest@2925bf5b]" started-at="2024-05-31T15:24:43 BST" name="alarmHistory" finished-at="2024-05-31T15:24:50 BST" duration-ms="6820" status="PASS">
          <reporter-output>
          </reporter-output>
        </test-method> <!-- alarmHistory -->
        <test-method is-config="true" signature="quitBrowser()[pri:0, instance:srimettu.tests.StandAloneTest@2925bf5b]" started-at="2024-05-31T15:24:50 BST" name="quitBrowser" finished-at="2024-05-31T15:24:50 BST" duration-ms="304" status="PASS">
          <reporter-output>
          </reporter-output>
        </test-method> <!-- quitBrowser -->
        <test-method is-config="true" signature="launchApplication()[pri:0, instance:srimettu.tests.StandAloneTest@2925bf5b]" started-at="2024-05-31T15:24:50 BST" name="launchApplication" finished-at="2024-05-31T15:24:52 BST" duration-ms="2145" status="PASS">
          <reporter-output>
          </reporter-output>
        </test-method> <!-- launchApplication -->
        <test-method signature="mableHistory()[pri:0, instance:srimettu.tests.StandAloneTest@2925bf5b]" started-at="2024-05-31T15:24:52 BST" name="mableHistory" finished-at="2024-05-31T15:24:59 BST" duration-ms="6858" status="PASS">
          <reporter-output>
          </reporter-output>
        </test-method> <!-- mableHistory -->
        <test-method is-config="true" signature="quitBrowser()[pri:0, instance:srimettu.tests.StandAloneTest@2925bf5b]" started-at="2024-05-31T15:24:59 BST" name="quitBrowser" finished-at="2024-05-31T15:24:59 BST" duration-ms="259" status="PASS">
          <reporter-output>
          </reporter-output>
        </test-method> <!-- quitBrowser -->
      </class> <!-- srimettu.tests.StandAloneTest -->
      <class name="srimettu.tests.SysConfigTest">
        <test-method is-config="true" signature="launchApplication()[pri:0, instance:srimettu.tests.SysConfigTest@710f4dc7]" started-at="2024-05-31T15:24:59 BST" name="launchApplication" finished-at="2024-05-31T15:25:01 BST" duration-ms="2218" status="PASS">
          <reporter-output>
          </reporter-output>
        </test-method> <!-- launchApplication -->
        <test-method signature="ekIP()[pri:0, instance:srimettu.tests.SysConfigTest@710f4dc7]" started-at="2024-05-31T15:25:01 BST" name="ekIP" finished-at="2024-05-31T15:25:05 BST" duration-ms="4039" status="PASS">
          <reporter-output>
          </reporter-output>
        </test-method> <!-- ekIP -->
        <test-method is-config="true" signature="quitBrowser()[pri:0, instance:srimettu.tests.SysConfigTest@710f4dc7]" started-at="2024-05-31T15:25:05 BST" name="quitBrowser" finished-at="2024-05-31T15:25:06 BST" duration-ms="303" status="PASS">
          <reporter-output>
          </reporter-output>
        </test-method> <!-- quitBrowser -->
        <test-method is-config="true" signature="launchApplication()[pri:0, instance:srimettu.tests.SysConfigTest@710f4dc7]" started-at="2024-05-31T15:25:06 BST" name="launchApplication" finished-at="2024-05-31T15:25:08 BST" duration-ms="2086" status="PASS">
          <reporter-output>
          </reporter-output>
        </test-method> <!-- launchApplication -->
        <test-method signature="hubIP()[pri:0, instance:srimettu.tests.SysConfigTest@710f4dc7]" started-at="2024-05-31T15:25:08 BST" name="hubIP" finished-at="2024-05-31T15:25:12 BST" duration-ms="3823" status="PASS">
          <reporter-output>
          </reporter-output>
        </test-method> <!-- hubIP -->
        <test-method is-config="true" signature="quitBrowser()[pri:0, instance:srimettu.tests.SysConfigTest@710f4dc7]" started-at="2024-05-31T15:25:12 BST" name="quitBrowser" finished-at="2024-05-31T15:25:12 BST" duration-ms="303" status="PASS">
          <reporter-output>
          </reporter-output>
        </test-method> <!-- quitBrowser -->
        <test-method is-config="true" signature="launchApplication()[pri:0, instance:srimettu.tests.SysConfigTest@710f4dc7]" started-at="2024-05-31T15:25:12 BST" name="launchApplication" finished-at="2024-05-31T15:25:14 BST" duration-ms="2059" status="PASS">
          <reporter-output>
          </reporter-output>
        </test-method> <!-- launchApplication -->
        <test-method signature="intAlarm()[pri:0, instance:srimettu.tests.SysConfigTest@710f4dc7]" started-at="2024-05-31T15:25:14 BST" name="intAlarm" finished-at="2024-05-31T15:25:18 BST" duration-ms="3632" status="PASS">
          <reporter-output>
          </reporter-output>
        </test-method> <!-- intAlarm -->
        <test-method is-config="true" signature="quitBrowser()[pri:0, instance:srimettu.tests.SysConfigTest@710f4dc7]" started-at="2024-05-31T15:25:18 BST" name="quitBrowser" finished-at="2024-05-31T15:25:18 BST" duration-ms="278" status="PASS">
          <reporter-output>
          </reporter-output>
        </test-method> <!-- quitBrowser -->
      </class> <!-- srimettu.tests.SysConfigTest -->
      <class name="srimettu.tests.EscortManagementTest">
        <test-method is-config="true" signature="launchApplication()[pri:0, instance:srimettu.tests.EscortManagementTest@45c7e403]" started-at="2024-05-31T15:24:23 BST" name="launchApplication" finished-at="2024-05-31T15:24:25 BST" duration-ms="2093" status="PASS">
          <reporter-output>
          </reporter-output>
        </test-method> <!-- launchApplication -->
        <test-method signature="addEscortEvent()[pri:0, instance:srimettu.tests.EscortManagementTest@45c7e403]" started-at="2024-05-31T15:24:25 BST" name="addEscortEvent" finished-at="2024-05-31T15:24:34 BST" duration-ms="8258" status="PASS">
          <reporter-output>
          </reporter-output>
        </test-method> <!-- addEscortEvent -->
        <test-method is-config="true" signature="quitBrowser()[pri:0, instance:srimettu.tests.EscortManagementTest@45c7e403]" started-at="2024-05-31T15:24:34 BST" name="quitBrowser" finished-at="2024-05-31T15:24:34 BST" duration-ms="280" status="PASS">
          <reporter-output>
          </reporter-output>
        </test-method> <!-- quitBrowser -->
        <test-method is-config="true" signature="launchApplication()[pri:0, instance:srimettu.tests.EscortManagementTest@45c7e403]" started-at="2024-05-31T15:24:34 BST" name="launchApplication" finished-at="2024-05-31T15:24:36 BST" duration-ms="2111" status="PASS">
          <reporter-output>
          </reporter-output>
        </test-method> <!-- launchApplication -->
        <test-method signature="deleteEscortEvent()[pri:0, instance:srimettu.tests.EscortManagementTest@45c7e403]" started-at="2024-05-31T15:24:36 BST" name="deleteEscortEvent" finished-at="2024-05-31T15:24:40 BST" duration-ms="4401" status="PASS">
          <reporter-output>
          </reporter-output>
        </test-method> <!-- deleteEscortEvent -->
        <test-method is-config="true" signature="quitBrowser()[pri:0, instance:srimettu.tests.EscortManagementTest@45c7e403]" started-at="2024-05-31T15:24:40 BST" name="quitBrowser" finished-at="2024-05-31T15:24:41 BST" duration-ms="342" status="PASS">
          <reporter-output>
          </reporter-output>
        </test-method> <!-- quitBrowser -->
      </class> <!-- srimettu.tests.EscortManagementTest -->
      <class name="srimettu.tests.deviceManagementTest">
        <test-method is-config="true" signature="launchApplication()[pri:0, instance:srimettu.tests.deviceManagementTest@b3ca52e]" started-at="2024-05-31T15:20:08 BST" name="launchApplication" finished-at="2024-05-31T15:20:12 BST" duration-ms="3475" status="PASS">
          <reporter-output>
          </reporter-output>
        </test-method> <!-- launchApplication -->
        <test-method signature="addAlarmArea()[pri:0, instance:srimettu.tests.deviceManagementTest@b3ca52e]" started-at="2024-05-31T15:20:12 BST" name="addAlarmArea" finished-at="2024-05-31T15:20:17 BST" duration-ms="5335" status="PASS">
          <reporter-output>
          </reporter-output>
        </test-method> <!-- addAlarmArea -->
        <test-method is-config="true" signature="quitBrowser()[pri:0, instance:srimettu.tests.deviceManagementTest@b3ca52e]" started-at="2024-05-31T15:20:17 BST" name="quitBrowser" finished-at="2024-05-31T15:20:17 BST" duration-ms="274" status="PASS">
          <reporter-output>
          </reporter-output>
        </test-method> <!-- quitBrowser -->
        <test-method is-config="true" signature="launchApplication()[pri:0, instance:srimettu.tests.deviceManagementTest@b3ca52e]" started-at="2024-05-31T15:20:17 BST" name="launchApplication" finished-at="2024-05-31T15:20:20 BST" duration-ms="2122" status="PASS">
          <reporter-output>
          </reporter-output>
        </test-method> <!-- launchApplication -->
        <test-method signature="addBeacon()[pri:0, instance:srimettu.tests.deviceManagementTest@b3ca52e]" started-at="2024-05-31T15:20:20 BST" name="addBeacon" finished-at="2024-05-31T15:20:26 BST" duration-ms="6030" status="PASS">
          <reporter-output>
          </reporter-output>
        </test-method> <!-- addBeacon -->
        <test-method is-config="true" signature="quitBrowser()[pri:0, instance:srimettu.tests.deviceManagementTest@b3ca52e]" started-at="2024-05-31T15:20:26 BST" name="quitBrowser" finished-at="2024-05-31T15:20:26 BST" duration-ms="328" status="PASS">
          <reporter-output>
          </reporter-output>
        </test-method> <!-- quitBrowser -->
        <test-method is-config="true" signature="launchApplication()[pri:0, instance:srimettu.tests.deviceManagementTest@b3ca52e]" started-at="2024-05-31T15:20:26 BST" name="launchApplication" finished-at="2024-05-31T15:20:28 BST" duration-ms="2103" status="PASS">
          <reporter-output>
          </reporter-output>
        </test-method> <!-- launchApplication -->
        <test-method signature="addGateway()[pri:0, instance:srimettu.tests.deviceManagementTest@b3ca52e]" started-at="2024-05-31T15:20:28 BST" name="addGateway" finished-at="2024-05-31T15:20:34 BST" duration-ms="6023" status="PASS">
          <reporter-output>
          </reporter-output>
        </test-method> <!-- addGateway -->
        <test-method is-config="true" signature="quitBrowser()[pri:0, instance:srimettu.tests.deviceManagementTest@b3ca52e]" started-at="2024-05-31T15:20:34 BST" name="quitBrowser" finished-at="2024-05-31T15:20:34 BST" duration-ms="293" status="PASS">
          <reporter-output>
          </reporter-output>
        </test-method> <!-- quitBrowser -->
        <test-method is-config="true" signature="launchApplication()[pri:0, instance:srimettu.tests.deviceManagementTest@b3ca52e]" started-at="2024-05-31T15:20:34 BST" name="launchApplication" finished-at="2024-05-31T15:20:37 BST" duration-ms="2125" status="PASS">
          <reporter-output>
          </reporter-output>
        </test-method> <!-- launchApplication -->
        <test-method signature="assignUser()[pri:0, instance:srimettu.tests.deviceManagementTest@b3ca52e]" started-at="2024-05-31T15:20:37 BST" name="assignUser" finished-at="2024-05-31T15:20:46 BST" duration-ms="9195" status="PASS">
          <reporter-output>
          </reporter-output>
        </test-method> <!-- assignUser -->
        <test-method is-config="true" signature="quitBrowser()[pri:0, instance:srimettu.tests.deviceManagementTest@b3ca52e]" started-at="2024-05-31T15:20:46 BST" name="quitBrowser" finished-at="2024-05-31T15:20:48 BST" duration-ms="1841" status="PASS">
          <reporter-output>
          </reporter-output>
        </test-method> <!-- quitBrowser -->
        <test-method is-config="true" signature="launchApplication()[pri:0, instance:srimettu.tests.deviceManagementTest@b3ca52e]" started-at="2024-05-31T15:20:48 BST" name="launchApplication" finished-at="2024-05-31T15:20:50 BST" duration-ms="2068" status="PASS">
          <reporter-output>
          </reporter-output>
        </test-method> <!-- launchApplication -->
        <test-method signature="delAlarmArea()[pri:0, instance:srimettu.tests.deviceManagementTest@b3ca52e]" started-at="2024-05-31T15:20:50 BST" name="delAlarmArea" finished-at="2024-05-31T15:20:55 BST" duration-ms="5703" status="PASS">
          <reporter-output>
          </reporter-output>
        </test-method> <!-- delAlarmArea -->
        <test-method is-config="true" signature="quitBrowser()[pri:0, instance:srimettu.tests.deviceManagementTest@b3ca52e]" started-at="2024-05-31T15:20:55 BST" name="quitBrowser" finished-at="2024-05-31T15:20:56 BST" duration-ms="299" status="PASS">
          <reporter-output>
          </reporter-output>
        </test-method> <!-- quitBrowser -->
        <test-method is-config="true" signature="launchApplication()[pri:0, instance:srimettu.tests.deviceManagementTest@b3ca52e]" started-at="2024-05-31T15:20:56 BST" name="launchApplication" finished-at="2024-05-31T15:20:58 BST" duration-ms="2087" status="PASS">
          <reporter-output>
          </reporter-output>
        </test-method> <!-- launchApplication -->
        <test-method signature="deviceEditstaff()[pri:0, instance:srimettu.tests.deviceManagementTest@b3ca52e]" started-at="2024-05-31T15:20:58 BST" name="deviceEditstaff" finished-at="2024-05-31T15:21:06 BST" duration-ms="7945" status="PASS">
          <reporter-output>
          </reporter-output>
        </test-method> <!-- deviceEditstaff -->
        <test-method is-config="true" signature="quitBrowser()[pri:0, instance:srimettu.tests.deviceManagementTest@b3ca52e]" started-at="2024-05-31T15:21:06 BST" name="quitBrowser" finished-at="2024-05-31T15:21:06 BST" duration-ms="328" status="PASS">
          <reporter-output>
          </reporter-output>
        </test-method> <!-- quitBrowser -->
        <test-method is-config="true" signature="launchApplication()[pri:0, instance:srimettu.tests.deviceManagementTest@b3ca52e]" started-at="2024-05-31T15:21:06 BST" name="launchApplication" finished-at="2024-05-31T15:21:08 BST" duration-ms="2111" status="PASS">
          <reporter-output>
          </reporter-output>
        </test-method> <!-- launchApplication -->
        <test-method signature="editGateway()[pri:0, instance:srimettu.tests.deviceManagementTest@b3ca52e]" started-at="2024-05-31T15:21:08 BST" name="editGateway" finished-at="2024-05-31T15:21:14 BST" duration-ms="6303" status="PASS">
          <reporter-output>
          </reporter-output>
        </test-method> <!-- editGateway -->
        <test-method is-config="true" signature="quitBrowser()[pri:0, instance:srimettu.tests.deviceManagementTest@b3ca52e]" started-at="2024-05-31T15:21:14 BST" name="quitBrowser" finished-at="2024-05-31T15:21:15 BST" duration-ms="254" status="PASS">
          <reporter-output>
          </reporter-output>
        </test-method> <!-- quitBrowser -->
        <test-method is-config="true" signature="launchApplication()[pri:0, instance:srimettu.tests.deviceManagementTest@b3ca52e]" started-at="2024-05-31T15:21:15 BST" name="launchApplication" finished-at="2024-05-31T15:21:17 BST" duration-ms="2108" status="PASS">
          <reporter-output>
          </reporter-output>
        </test-method> <!-- launchApplication -->
        <test-method signature="loadDevice()[pri:0, instance:srimettu.tests.deviceManagementTest@b3ca52e]" started-at="2024-05-31T15:21:17 BST" name="loadDevice" finished-at="2024-05-31T15:23:59 BST" duration-ms="162139" status="PASS">
          <reporter-output>
          </reporter-output>
        </test-method> <!-- loadDevice -->
        <test-method is-config="true" signature="quitBrowser()[pri:0, instance:srimettu.tests.deviceManagementTest@b3ca52e]" started-at="2024-05-31T15:23:59 BST" name="quitBrowser" finished-at="2024-05-31T15:23:59 BST" duration-ms="322" status="PASS">
          <reporter-output>
          </reporter-output>
        </test-method> <!-- quitBrowser -->
        <test-method is-config="true" signature="launchApplication()[pri:0, instance:srimettu.tests.deviceManagementTest@b3ca52e]" started-at="2024-05-31T15:23:59 BST" name="launchApplication" finished-at="2024-05-31T15:24:01 BST" duration-ms="2200" status="PASS">
          <reporter-output>
          </reporter-output>
        </test-method> <!-- launchApplication -->
        <test-method signature="unAssignUser()[pri:0, instance:srimettu.tests.deviceManagementTest@b3ca52e]" started-at="2024-05-31T15:24:01 BST" name="unAssignUser" finished-at="2024-05-31T15:24:14 BST" duration-ms="12803" status="FAIL">
          <exception class="org.openqa.selenium.NoSuchElementException">
            <message>
              <![CDATA[no such element: Unable to locate element: {"method":"css selector","selector":"a[class='ng-star-inserted']"}
  (Session info: chrome=125.0.6422.113)
For documentation on this error, please visit: https://www.selenium.dev/documentation/webdriver/troubleshooting/errors#no-such-element-exception
Build info: version: '4.21.0', revision: '79ed462ef4'
System info: os.name: 'Windows 11', os.arch: 'amd64', os.version: '10.0', java.version: '21.0.2'
Driver info: org.openqa.selenium.chrome.ChromeDriver
Command: [58c92a914a07345a0e9fd4c5a678da38, findElement {value=a[class='ng-star-inserted'], using=css selector}]
Capabilities {acceptInsecureCerts: false, browserName: chrome, browserVersion: 125.0.6422.113, chrome: {chromedriverVersion: 125.0.6422.141 (4b1e8393712..., userDataDir: C:\Users\smettu\AppData\Loc...}, fedcm:accounts: true, goog:chromeOptions: {debuggerAddress: localhost:49772}, networkConnectionEnabled: false, pageLoadStrategy: normal, platformName: windows, proxy: Proxy(), se:cdp: ws://localhost:49772/devtoo..., se:cdpVersion: 125.0.6422.113, setWindowRect: true, strictFileInteractability: false, timeouts: {implicit: 0, pageLoad: 300000, script: 30000}, unhandledPromptBehavior: dismiss and notify, webauthn:extension:credBlob: true, webauthn:extension:largeBlob: true, webauthn:extension:minPinLength: true, webauthn:extension:prf: true, webauthn:virtualAuthenticators: true}
Session ID: 58c92a914a07345a0e9fd4c5a678da38]]>
            </message>
            <full-stacktrace>
              <![CDATA[org.openqa.selenium.NoSuchElementException: no such element: Unable to locate element: {"method":"css selector","selector":"a[class='ng-star-inserted']"}
  (Session info: chrome=125.0.6422.113)
For documentation on this error, please visit: https://www.selenium.dev/documentation/webdriver/troubleshooting/errors#no-such-element-exception
Build info: version: '4.21.0', revision: '79ed462ef4'
System info: os.name: 'Windows 11', os.arch: 'amd64', os.version: '10.0', java.version: '21.0.2'
Driver info: org.openqa.selenium.chrome.ChromeDriver
Command: [58c92a914a07345a0e9fd4c5a678da38, findElement {value=a[class='ng-star-inserted'], using=css selector}]
Capabilities {acceptInsecureCerts: false, browserName: chrome, browserVersion: 125.0.6422.113, chrome: {chromedriverVersion: 125.0.6422.141 (4b1e8393712..., userDataDir: C:\Users\smettu\AppData\Loc...}, fedcm:accounts: true, goog:chromeOptions: {debuggerAddress: localhost:49772}, networkConnectionEnabled: false, pageLoadStrategy: normal, platformName: windows, proxy: Proxy(), se:cdp: ws://localhost:49772/devtoo..., se:cdpVersion: 125.0.6422.113, setWindowRect: true, strictFileInteractability: false, timeouts: {implicit: 0, pageLoad: 300000, script: 30000}, unhandledPromptBehavior: dismiss and notify, webauthn:extension:credBlob: true, webauthn:extension:largeBlob: true, webauthn:extension:minPinLength: true, webauthn:extension:prf: true, webauthn:virtualAuthenticators: true}
Session ID: 58c92a914a07345a0e9fd4c5a678da38
at java.base/jdk.internal.reflect.DirectConstructorHandleAccessor.newInstance(DirectConstructorHandleAccessor.java:62)
at java.base/java.lang.reflect.Constructor.newInstanceWithCaller(Constructor.java:502)
at java.base/java.lang.reflect.Constructor.newInstance(Constructor.java:486)
at org.openqa.selenium.remote.ErrorCodec.decode(ErrorCodec.java:167)
at org.openqa.selenium.remote.codec.w3c.W3CHttpResponseCodec.decode(W3CHttpResponseCodec.java:138)
at org.openqa.selenium.remote.codec.w3c.W3CHttpResponseCodec.decode(W3CHttpResponseCodec.java:50)
at org.openqa.selenium.remote.HttpCommandExecutor.execute(HttpCommandExecutor.java:190)
at org.openqa.selenium.remote.service.DriverCommandExecutor.invokeExecute(DriverCommandExecutor.java:216)
at org.openqa.selenium.remote.service.DriverCommandExecutor.execute(DriverCommandExecutor.java:174)
at org.openqa.selenium.remote.RemoteWebDriver.execute(RemoteWebDriver.java:518)
at org.openqa.selenium.remote.ElementLocation$ElementFinder$2.findElement(ElementLocation.java:165)
at org.openqa.selenium.remote.ElementLocation.findElement(ElementLocation.java:59)
at org.openqa.selenium.remote.RemoteWebDriver.findElement(RemoteWebDriver.java:355)
at org.openqa.selenium.remote.RemoteWebDriver.findElement(RemoteWebDriver.java:349)
at org.openqa.selenium.support.pagefactory.DefaultElementLocator.findElement(DefaultElementLocator.java:68)
at org.openqa.selenium.support.pagefactory.internal.LocatingElementHandler.invoke(LocatingElementHandler.java:38)
at jdk.proxy2/jdk.proxy2.$Proxy9.click(Unknown Source)
at srimettu.pageobjects.DeviceManagement.unAssgnuser(DeviceManagement.java:479)
at srimettu.tests.deviceManagementTest.unAssignUser(deviceManagementTest.java:100)
at java.base/jdk.internal.reflect.DirectMethodHandleAccessor.invoke(DirectMethodHandleAccessor.java:103)
at java.base/java.lang.reflect.Method.invoke(Method.java:580)
at org.testng.internal.invokers.MethodInvocationHelper.invokeMethod(MethodInvocationHelper.java:139)
at org.testng.internal.invokers.TestInvoker.invokeMethod(TestInvoker.java:664)
at org.testng.internal.invokers.TestInvoker.invokeTestMethod(TestInvoker.java:228)
at org.testng.internal.invokers.MethodRunner.runInSequence(MethodRunner.java:63)
at org.testng.internal.invokers.TestInvoker$MethodInvocationAgent.invoke(TestInvoker.java:961)
at org.testng.internal.invokers.TestInvoker.invokeTestMethods(TestInvoker.java:201)
at org.testng.internal.invokers.TestMethodWorker.invokeTestMethods(TestMethodWorker.java:148)
at org.testng.internal.invokers.TestMethodWorker.run(TestMethodWorker.java:128)
at java.base/java.util.ArrayList.forEach(ArrayList.java:1596)
at org.testng.TestRunner.privateRun(TestRunner.java:819)
at org.testng.TestRunner.run(TestRunner.java:619)
at org.testng.SuiteRunner.runTest(SuiteRunner.java:443)
at org.testng.SuiteRunner.runSequentially(SuiteRunner.java:437)
at org.testng.SuiteRunner.privateRun(SuiteRunner.java:397)
at org.testng.SuiteRunner.run(SuiteRunner.java:336)
at org.testng.SuiteRunnerWorker.runSuite(SuiteRunnerWorker.java:52)
at org.testng.SuiteRunnerWorker.run(SuiteRunnerWorker.java:95)
at org.testng.TestNG.runSuitesSequentially(TestNG.java:1301)
at org.testng.TestNG.runSuitesLocally(TestNG.java:1228)
at org.testng.TestNG.runSuites(TestNG.java:1134)
at org.testng.TestNG.run(TestNG.java:1101)
at org.apache.maven.surefire.testng.TestNGExecutor.run(TestNGExecutor.java:155)
at org.apache.maven.surefire.testng.TestNGDirectoryTestSuite.executeMulti(TestNGDirectoryTestSuite.java:169)
at org.apache.maven.surefire.testng.TestNGDirectoryTestSuite.execute(TestNGDirectoryTestSuite.java:88)
at org.apache.maven.surefire.testng.TestNGProvider.invoke(TestNGProvider.java:137)
at org.apache.maven.surefire.booter.ForkedBooter.runSuitesInProcess(ForkedBooter.java:385)
at org.apache.maven.surefire.booter.ForkedBooter.execute(ForkedBooter.java:162)
at org.apache.maven.surefire.booter.ForkedBooter.run(ForkedBooter.java:507)
at org.apache.maven.surefire.booter.ForkedBooter.main(ForkedBooter.java:495)
]]>
            </full-stacktrace>
          </exception> <!-- org.openqa.selenium.NoSuchElementException -->
          <reporter-output>
          </reporter-output>
        </test-method> <!-- unAssignUser -->
        <test-method is-config="true" signature="quitBrowser()[pri:0, instance:srimettu.tests.deviceManagementTest@b3ca52e]" started-at="2024-05-31T15:24:14 BST" name="quitBrowser" finished-at="2024-05-31T15:24:15 BST" duration-ms="295" status="PASS">
          <reporter-output>
          </reporter-output>
        </test-method> <!-- quitBrowser -->
        <test-method is-config="true" signature="launchApplication()[pri:0, instance:srimettu.tests.deviceManagementTest@b3ca52e]" started-at="2024-05-31T15:24:15 BST" name="launchApplication" finished-at="2024-05-31T15:24:17 BST" duration-ms="2082" status="PASS">
          <reporter-output>
          </reporter-output>
        </test-method> <!-- launchApplication -->
        <test-method signature="deleteGateway()[pri:0, instance:srimettu.tests.deviceManagementTest@b3ca52e]" started-at="2024-05-31T15:24:17 BST" name="deleteGateway" finished-at="2024-05-31T15:24:23 BST" depends-on-methods="srimettu.tests.deviceManagementTest.addGateway" duration-ms="6314" status="PASS">
          <reporter-output>
          </reporter-output>
        </test-method> <!-- deleteGateway -->
        <test-method is-config="true" signature="quitBrowser()[pri:0, instance:srimettu.tests.deviceManagementTest@b3ca52e]" started-at="2024-05-31T15:24:23 BST" name="quitBrowser" finished-at="2024-05-31T15:24:23 BST" duration-ms="302" status="PASS">
          <reporter-output>
          </reporter-output>
        </test-method> <!-- quitBrowser -->
        <test-method signature="delBeacon()[pri:0, instance:srimettu.tests.deviceManagementTest@b3ca52e]" started-at="2024-05-31T15:24:23 BST" name="delBeacon" finished-at="2024-05-31T15:24:23 BST" depends-on-methods="srimettu.tests.deviceManagementTest.unAssignUser" duration-ms="0" status="SKIP">
          <exception class="java.lang.Throwable">
            <message>
              <![CDATA[Method srimettu.tests.deviceManagementTest.delBeacon() on instance srimettu.tests.deviceManagementTest@b3ca52e depends on not successfully finished methods 
[srimettu.tests.deviceManagementTest.unAssignUser() on instance srimettu.tests.deviceManagementTest@b3ca52e]]]>
            </message>
            <full-stacktrace>
              <![CDATA[java.lang.Throwable: Method srimettu.tests.deviceManagementTest.delBeacon() on instance srimettu.tests.deviceManagementTest@b3ca52e depends on not successfully finished methods 
[srimettu.tests.deviceManagementTest.unAssignUser() on instance srimettu.tests.deviceManagementTest@b3ca52e]
at org.testng.internal.invokers.TestInvoker.invokeTestMethods(TestInvoker.java:157)
at org.testng.internal.invokers.TestMethodWorker.invokeTestMethods(TestMethodWorker.java:148)
at org.testng.internal.invokers.TestMethodWorker.run(TestMethodWorker.java:128)
at java.base/java.util.ArrayList.forEach(ArrayList.java:1596)
at org.testng.TestRunner.privateRun(TestRunner.java:819)
at org.testng.TestRunner.run(TestRunner.java:619)
at org.testng.SuiteRunner.runTest(SuiteRunner.java:443)
at org.testng.SuiteRunner.runSequentially(SuiteRunner.java:437)
at org.testng.SuiteRunner.privateRun(SuiteRunner.java:397)
at org.testng.SuiteRunner.run(SuiteRunner.java:336)
at org.testng.SuiteRunnerWorker.runSuite(SuiteRunnerWorker.java:52)
at org.testng.SuiteRunnerWorker.run(SuiteRunnerWorker.java:95)
at org.testng.TestNG.runSuitesSequentially(TestNG.java:1301)
at org.testng.TestNG.runSuitesLocally(TestNG.java:1228)
at org.testng.TestNG.runSuites(TestNG.java:1134)
at org.testng.TestNG.run(TestNG.java:1101)
at org.apache.maven.surefire.testng.TestNGExecutor.run(TestNGExecutor.java:155)
at org.apache.maven.surefire.testng.TestNGDirectoryTestSuite.executeMulti(TestNGDirectoryTestSuite.java:169)
at org.apache.maven.surefire.testng.TestNGDirectoryTestSuite.execute(TestNGDirectoryTestSuite.java:88)
at org.apache.maven.surefire.testng.TestNGProvider.invoke(TestNGProvider.java:137)
at org.apache.maven.surefire.booter.ForkedBooter.runSuitesInProcess(ForkedBooter.java:385)
at org.apache.maven.surefire.booter.ForkedBooter.execute(ForkedBooter.java:162)
at org.apache.maven.surefire.booter.ForkedBooter.run(ForkedBooter.java:507)
at org.apache.maven.surefire.booter.ForkedBooter.main(ForkedBooter.java:495)
]]>
            </full-stacktrace>
          </exception> <!-- java.lang.Throwable -->
          <reporter-output>
          </reporter-output>
        </test-method> <!-- delBeacon -->
      </class> <!-- srimettu.tests.deviceManagementTest -->
    </test> <!-- Surefire test -->
  </suite> <!-- Surefire suite -->
</testng-results>
