<?xml version="1.0" encoding="UTF-8"?>
<testsuite xmlns:xsi="http://www.w3.org/2001/XMLSchema-instance" xsi:noNamespaceSchemaLocation="https://maven.apache.org/surefire/maven-surefire-plugin/xsd/surefire-test-report-3.0.xsd" version="3.0" name="TestSuite" time="54.956" tests="6" errors="0" skipped="0" failures="0">
  <properties>
[...]
</properties>
  <testcase name="runScenario[&quot;Invalid Login check&quot;, &quot;Login Check&quot;](1)" classname="cucumber.TestNGTestRunner" time="4.585">
    <system-out><![CDATA[http://10.1.110.49/#/login
invalid username or password....(If forgot username or password then contact your supervisor or administrator)
]]></system-out>
    <system-err><![CDATA[May 03, 2024 2:51:55 PM org.openqa.selenium.devtools.CdpVersionFinder findNearestMatch
WARNING: Unable to find an exact match for CDP version 124, returning the closest version; found: 123; Please update to a Selenium version that supports CDP version 124
]]></system-err>
  </testcase>
  <testcase name="deviceEdit" classname="srimettu.tests.deviceManagementTest" time="6.542">
    <system-out><![CDATA[http://10.1.110.49/#/login
Logged Out
]]></system-out>
    <system-err><![CDATA[May 03, 2024 2:51:59 PM org.openqa.selenium.devtools.CdpVersionFinder findNearestMatch
WARNING: Unable to find an exact match for CDP version 124, returning the closest version; found: 123; Please update to a Selenium version that supports CDP version 124
]]></system-err>
  </testcase>
  <testcase name="addEscortEvent" classname="srimettu.tests.EscortManagementTest" time="8.37">
    <system-out><![CDATA[http://10.1.110.49/#/login
Login Success
Escort Event Added
Logged Out
]]></system-out>
    <system-err><![CDATA[May 03, 2024 2:52:10 PM org.openqa.selenium.devtools.CdpVersionFinder findNearestMatch
WARNING: Unable to find an exact match for CDP version 124, returning the closest version; found: 123; Please update to a Selenium version that supports CDP version 124
]]></system-err>
  </testcase>
  <testcase name="deleteEscortEvent" classname="srimettu.tests.EscortManagementTest" time="4.51">
    <system-out><![CDATA[http://10.1.110.49/#/login
Login Success
Escort Event Deleted
Logged Out
]]></system-out>
    <system-err><![CDATA[May 03, 2024 2:52:21 PM org.openqa.selenium.devtools.CdpVersionFinder findNearestMatch
WARNING: Unable to find an exact match for CDP version 124, returning the closest version; found: 123; Please update to a Selenium version that supports CDP version 124
]]></system-err>
  </testcase>
  <testcase name="alarmHistory" classname="srimettu.tests.StandAloneTest" time="6.728">
    <system-out><![CDATA[http://10.1.110.49/#/login
Login Success
Alarm History information
Logged Out
]]></system-out>
    <system-err><![CDATA[May 03, 2024 2:52:28 PM org.openqa.selenium.devtools.CdpVersionFinder findNearestMatch
WARNING: Unable to find an exact match for CDP version 124, returning the closest version; found: 123; Please update to a Selenium version that supports CDP version 124
]]></system-err>
  </testcase>
  <testcase name="mableHistory" classname="srimettu.tests.StandAloneTest" time="6.792">
    <system-out><![CDATA[http://10.1.110.49/#/login
Login Success
Mable Alert History information
Logged Out
]]></system-out>
    <system-err><![CDATA[May 03, 2024 2:52:38 PM org.openqa.selenium.devtools.CdpVersionFinder findNearestMatch
WARNING: Unable to find an exact match for CDP version 124, returning the closest version; found: 123; Please update to a Selenium version that supports CDP version 124
]]></system-err>
  </testcase>
</testsuite>