<?xml version="1.0" encoding="UTF-8"?>
<testsuite xmlns:xsi="http://www.w3.org/2001/XMLSchema-instance" xsi:noNamespaceSchemaLocation="https://maven.apache.org/surefire/maven-surefire-plugin/xsd/surefire-test-report-3.0.xsd" version="3.0" name="TestSuite" time="310.39" tests="18" errors="0" skipped="1" failures="1">
  <properties>
[...]
</properties>
  <testcase name="addAlarmArea" classname="srimettu.tests.deviceManagementTest" time="5.334">
    <system-out><![CDATA[http://10.1.110.51/#/login
Success Alarm Area Created
Logged Out
]]></system-out>
  </testcase>
  <testcase name="addBeacon" classname="srimettu.tests.deviceManagementTest" time="6.031">
    <system-out><![CDATA[http://10.1.110.51/#/login
Device already exists in the database Beacon
Logged Out
]]></system-out>
  </testcase>
  <testcase name="addGateway" classname="srimettu.tests.deviceManagementTest" time="6.023">
    <system-out><![CDATA[http://10.1.110.51/#/login
Device reinstated. Not renamed Gateway
Logged Out
]]></system-out>
  </testcase>
  <testcase name="assignUser" classname="srimettu.tests.deviceManagementTest" time="9.195">
    <system-out><![CDATA[http://10.1.110.51/#/login
Success User Assigned
Logged Out
]]></system-out>
  </testcase>
  <testcase name="delAlarmArea" classname="srimettu.tests.deviceManagementTest" time="5.703">
    <system-out><![CDATA[http://10.1.110.51/#/login
Success Alarm Area Deleted
Logged Out
]]></system-out>
  </testcase>
  <testcase name="deviceEditstaff" classname="srimettu.tests.deviceManagementTest" time="7.945">
    <system-out><![CDATA[http://10.1.110.51/#/login
test02 area is Selected
 staff selected
Success Device Edited
Logged Out
]]></system-out>
  </testcase>
  <testcase name="editGateway" classname="srimettu.tests.deviceManagementTest" time="6.299">
    <system-out><![CDATA[http://10.1.110.51/#/login
Success Gateway Edited
Logged Out
]]></system-out>
  </testcase>
  <testcase name="loadDevice" classname="srimettu.tests.deviceManagementTest" time="162.139">
    <system-out><![CDATA[http://10.1.110.51/#/login
Login Success
HubIP : 10.1.105.79
Request to load devices from hub started
Finished Loading devices from hub
Logged Out
]]></system-out>
  </testcase>
  <testcase name="unAssignUser" classname="srimettu.tests.deviceManagementTest" time="12.809">
    <failure message="no such element: Unable to locate element: {&quot;method&quot;:&quot;css selector&quot;,&quot;selector&quot;:&quot;a[class=&apos;ng-star-inserted&apos;]&quot;}&#10;  (Session info: chrome=125.0.6422.113)&#10;For documentation on this error, please visit: https://www.selenium.dev/documentation/webdriver/troubleshooting/errors#no-such-element-exception&#10;Build info: version: &apos;4.21.0&apos;, revision: &apos;79ed462ef4&apos;&#10;System info: os.name: &apos;Windows 11&apos;, os.arch: &apos;amd64&apos;, os.version: &apos;10.0&apos;, java.version: &apos;21.0.2&apos;&#10;Driver info: org.openqa.selenium.chrome.ChromeDriver&#10;Command: [58c92a914a07345a0e9fd4c5a678da38, findElement {value=a[class=&apos;ng-star-inserted&apos;], using=css selector}]&#10;Capabilities {acceptInsecureCerts: false, browserName: chrome, browserVersion: 125.0.6422.113, chrome: {chromedriverVersion: 125.0.6422.141 (4b1e8393712..., userDataDir: C:\Users\smettu\AppData\Loc...}, fedcm:accounts: true, goog:chromeOptions: {debuggerAddress: localhost:49772}, networkConnectionEnabled: false, pageLoadStrategy: normal, platformName: windows, proxy: Proxy(), se:cdp: ws://localhost:49772/devtoo..., se:cdpVersion: 125.0.6422.113, setWindowRect: true, strictFileInteractability: false, timeouts: {implicit: 0, pageLoad: 300000, script: 30000}, unhandledPromptBehavior: dismiss and notify, webauthn:extension:credBlob: true, webauthn:extension:largeBlob: true, webauthn:extension:minPinLength: true, webauthn:extension:prf: true, webauthn:virtualAuthenticators: true}&#10;Session ID: 58c92a914a07345a0e9fd4c5a678da38" type="org.openqa.selenium.NoSuchElementException"><![CDATA[org.openqa.selenium.NoSuchElementException: 
no such element: Unable to locate element: {"method":"css selector","selector":"a[class='ng-star-inserted']"}
  (Session info: chrome=125.0.6422.113)
For documentation on this error, please visit: https://www.selenium.dev/documentation/webdriver/troubleshooting/errors#no-such-element-exception
Build info: version: '4.21.0', revision: '79ed462ef4'
System info: os.name: 'Windows 11', os.arch: 'amd64', os.version: '10.0', java.version: '21.0.2'
Driver info: org.openqa.selenium.chrome.ChromeDriver
Command: [58c92a914a07345a0e9fd4c5a678da38, findElement {value=a[class='ng-star-inserted'], using=css selector}]
Capabilities {acceptInsecureCerts: false, browserName: chrome, browserVersion: 125.0.6422.113, chrome: {chromedriverVersion: 125.0.6422.141 (4b1e8393712..., userDataDir: C:\Users\smettu\AppData\Loc...}, fedcm:accounts: true, goog:chromeOptions: {debuggerAddress: localhost:49772}, networkConnectionEnabled: false, pageLoadStrategy: normal, platformName: windows, proxy: Proxy(), se:cdp: ws://localhost:49772/devtoo..., se:cdpVersion: 125.0.6422.113, setWindowRect: true, strictFileInteractability: false, timeouts: {implicit: 0, pageLoad: 300000, script: 30000}, unhandledPromptBehavior: dismiss and notify, webauthn:extension:credBlob: true, webauthn:extension:largeBlob: true, webauthn:extension:minPinLength: true, webauthn:extension:prf: true, webauthn:virtualAuthenticators: true}
Session ID: 58c92a914a07345a0e9fd4c5a678da38
	at java.base/jdk.internal.reflect.DirectConstructorHandleAccessor.newInstance(DirectConstructorHandleAccessor.java:62)
	at java.base/java.lang.reflect.Constructor.newInstanceWithCaller(Constructor.java:502)
	at java.base/java.lang.reflect.Constructor.newInstance(Constructor.java:486)
	at org.openqa.selenium.remote.ErrorCodec.decode(ErrorCodec.java:167)
	at org.openqa.selenium.remote.codec.w3c.W3CHttpResponseCodec.decode(W3CHttpResponseCodec.java:138)
	at org.openqa.selenium.remote.codec.w3c.W3CHttpResponseCodec.decode(W3CHttpResponseCodec.java:50)
	at org.openqa.selenium.remote.HttpCommandExecutor.execute(HttpCommandExecutor.java:190)
	at org.openqa.selenium.remote.service.DriverCommandExecutor.invokeExecute(DriverCommandExecutor.java:216)
	at org.openqa.selenium.remote.service.DriverCommandExecutor.execute(DriverCommandExecutor.java:174)
	at org.openqa.selenium.remote.RemoteWebDriver.execute(RemoteWebDriver.java:518)
	at org.openqa.selenium.remote.ElementLocation$ElementFinder$2.findElement(ElementLocation.java:165)
	at org.openqa.selenium.remote.ElementLocation.findElement(ElementLocation.java:59)
	at org.openqa.selenium.remote.RemoteWebDriver.findElement(RemoteWebDriver.java:355)
	at org.openqa.selenium.remote.RemoteWebDriver.findElement(RemoteWebDriver.java:349)
	at org.openqa.selenium.support.pagefactory.DefaultElementLocator.findElement(DefaultElementLocator.java:68)
	at org.openqa.selenium.support.pagefactory.internal.LocatingElementHandler.invoke(LocatingElementHandler.java:38)
	at jdk.proxy2/jdk.proxy2.$Proxy9.click(Unknown Source)
	at srimettu.pageobjects.DeviceManagement.unAssgnuser(DeviceManagement.java:479)
	at srimettu.tests.deviceManagementTest.unAssignUser(deviceManagementTest.java:100)
	at java.base/jdk.internal.reflect.DirectMethodHandleAccessor.invoke(DirectMethodHandleAccessor.java:103)
	at java.base/java.lang.reflect.Method.invoke(Method.java:580)
	at org.testng.internal.invokers.MethodInvocationHelper.invokeMethod(MethodInvocationHelper.java:139)
	at org.testng.internal.invokers.TestInvoker.invokeMethod(TestInvoker.java:664)
	at org.testng.internal.invokers.TestInvoker.invokeTestMethod(TestInvoker.java:228)
	at org.testng.internal.invokers.MethodRunner.runInSequence(MethodRunner.java:63)
	at org.testng.internal.invokers.TestInvoker$MethodInvocationAgent.invoke(TestInvoker.java:961)
	at org.testng.internal.invokers.TestInvoker.invokeTestMethods(TestInvoker.java:201)
	at org.testng.internal.invokers.TestMethodWorker.invokeTestMethods(TestMethodWorker.java:148)
	at org.testng.internal.invokers.TestMethodWorker.run(TestMethodWorker.java:128)
	at java.base/java.util.ArrayList.forEach(ArrayList.java:1596)
	at org.testng.TestRunner.privateRun(TestRunner.java:819)
	at org.testng.TestRunner.run(TestRunner.java:619)
	at org.testng.SuiteRunner.runTest(SuiteRunner.java:443)
	at org.testng.SuiteRunner.runSequentially(SuiteRunner.java:437)
	at org.testng.SuiteRunner.privateRun(SuiteRunner.java:397)
	at org.testng.SuiteRunner.run(SuiteRunner.java:336)
	at org.testng.SuiteRunnerWorker.runSuite(SuiteRunnerWorker.java:52)
	at org.testng.SuiteRunnerWorker.run(SuiteRunnerWorker.java:95)
	at org.testng.TestNG.runSuitesSequentially(TestNG.java:1301)
	at org.testng.TestNG.runSuitesLocally(TestNG.java:1228)
	at org.testng.TestNG.runSuites(TestNG.java:1134)
	at org.testng.TestNG.run(TestNG.java:1101)
	at org.apache.maven.surefire.testng.TestNGExecutor.run(TestNGExecutor.java:155)
	at org.apache.maven.surefire.testng.TestNGDirectoryTestSuite.executeMulti(TestNGDirectoryTestSuite.java:169)
	at org.apache.maven.surefire.testng.TestNGDirectoryTestSuite.execute(TestNGDirectoryTestSuite.java:88)
	at org.apache.maven.surefire.testng.TestNGProvider.invoke(TestNGProvider.java:137)
	at org.apache.maven.surefire.booter.ForkedBooter.runSuitesInProcess(ForkedBooter.java:385)
	at org.apache.maven.surefire.booter.ForkedBooter.execute(ForkedBooter.java:162)
	at org.apache.maven.surefire.booter.ForkedBooter.run(ForkedBooter.java:507)
	at org.apache.maven.surefire.booter.ForkedBooter.main(ForkedBooter.java:495)
]]></failure>
    <system-out><![CDATA[http://10.1.110.51/#/login
]]></system-out>
  </testcase>
  <testcase name="deleteGateway" classname="srimettu.tests.deviceManagementTest" time="6.314">
    <system-out><![CDATA[http://10.1.110.51/#/login
Success Gateway Deleted
Logged Out
]]></system-out>
  </testcase>
  <testcase name="delBeacon" classname="srimettu.tests.deviceManagementTest" time="0.0">
    <skipped message="Method srimettu.tests.deviceManagementTest.delBeacon() on instance srimettu.tests.deviceManagementTest@b3ca52e depends on not successfully finished methods &#10;[srimettu.tests.deviceManagementTest.unAssignUser() on instance srimettu.tests.deviceManagementTest@b3ca52e]"/>
  </testcase>
  <testcase name="addEscortEvent" classname="srimettu.tests.EscortManagementTest" time="8.257">
    <system-out><![CDATA[http://10.1.110.51/#/login
Login Success
Escort Event Added
Logged Out
]]></system-out>
  </testcase>
  <testcase name="deleteEscortEvent" classname="srimettu.tests.EscortManagementTest" time="4.399">
    <system-out><![CDATA[http://10.1.110.51/#/login
Login Success
Escort Event Deleted
Logged Out
]]></system-out>
  </testcase>
  <testcase name="alarmHistory" classname="srimettu.tests.StandAloneTest" time="6.819">
    <system-out><![CDATA[http://10.1.110.51/#/login
Login Success
Alarm History information
Logged Out
]]></system-out>
  </testcase>
  <testcase name="mableHistory" classname="srimettu.tests.StandAloneTest" time="6.857">
    <system-out><![CDATA[http://10.1.110.51/#/login
Login Success
Mable Alert History information
Logged Out
]]></system-out>
  </testcase>
  <testcase name="ekIP" classname="srimettu.tests.SysConfigTest" time="4.038">
    <system-out><![CDATA[http://10.1.110.51/#/login
Login Success
EkoMs IP: 
Logged Out
]]></system-out>
  </testcase>
  <testcase name="hubIP" classname="srimettu.tests.SysConfigTest" time="3.821">
    <system-out><![CDATA[http://10.1.110.51/#/login
HubIP : 10.1.105.79
Logged Out
]]></system-out>
  </testcase>
  <testcase name="intAlarm" classname="srimettu.tests.SysConfigTest" time="3.633">
    <system-out><![CDATA[http://10.1.110.51/#/login
Integrated Alarm Enabled
Logged Out
]]></system-out>
  </testcase>
</testsuite>