<?xml version="1.0" encoding="UTF-8"?>
<testng-results ignored="0" total="4" passed="4" failed="0" skipped="0">
  <reporter-output>
  </reporter-output>
  <suite started-at="2024-04-18T09:32:26 BST" name="Suite" finished-at="2024-04-18T09:33:00 BST" duration-ms="34400">
    <groups>
      <group name="alertClear">
        <method signature="StandAloneTest.bAlertClear()[pri:0, instance:srimettu.tests.StandAloneTest@6d60fe40]" name="bAlertClear" class="srimettu.tests.StandAloneTest"/>
        <method signature="StandAloneTest.mAlarmClear()[pri:0, instance:srimettu.tests.StandAloneTest@6d60fe40]" name="mAlarmClear" class="srimettu.tests.StandAloneTest"/>
      </group> <!-- alertClear -->
    </groups>
    <test started-at="2024-04-18T09:32:26 BST" name="StandaloneTest" finished-at="2024-04-18T09:33:00 BST" duration-ms="34400">
      <class name="srimettu.tests.StandAloneTest">
        <test-method is-config="true" signature="launchApplication()[pri:0, instance:srimettu.tests.StandAloneTest@6d60fe40]" started-at="2024-04-18T09:32:26 BST" name="launchApplication" finished-at="2024-04-18T09:32:32 BST" duration-ms="5780" status="PASS">
          <reporter-output>
          </reporter-output>
        </test-method> <!-- launchApplication -->
        <test-method signature="logIn()[pri:0, instance:srimettu.tests.StandAloneTest@6d60fe40]" started-at="2024-04-18T09:32:32 BST" name="logIn" finished-at="2024-04-18T09:32:33 BST" duration-ms="1018" status="PASS">
          <reporter-output>
          </reporter-output>
        </test-method> <!-- logIn -->
        <test-method is-config="true" signature="quitBrowser()[pri:0, instance:srimettu.tests.StandAloneTest@6d60fe40]" started-at="2024-04-18T09:32:33 BST" name="quitBrowser" finished-at="2024-04-18T09:32:34 BST" duration-ms="1640" status="PASS">
          <reporter-output>
          </reporter-output>
        </test-method> <!-- quitBrowser -->
        <test-method is-config="true" signature="launchApplication()[pri:0, instance:srimettu.tests.StandAloneTest@6d60fe40]" started-at="2024-04-18T09:32:34 BST" name="launchApplication" finished-at="2024-04-18T09:32:40 BST" duration-ms="5471" status="PASS">
          <reporter-output>
          </reporter-output>
        </test-method> <!-- launchApplication -->
        <test-method signature="bAlertClear()[pri:0, instance:srimettu.tests.StandAloneTest@6d60fe40]" started-at="2024-04-18T09:32:40 BST" name="bAlertClear" finished-at="2024-04-18T09:32:44 BST" duration-ms="4218" status="PASS">
          <reporter-output>
          </reporter-output>
        </test-method> <!-- bAlertClear -->
        <test-method is-config="true" signature="quitBrowser()[pri:0, instance:srimettu.tests.StandAloneTest@6d60fe40]" started-at="2024-04-18T09:32:44 BST" name="quitBrowser" finished-at="2024-04-18T09:32:44 BST" duration-ms="1" status="PASS">
          <reporter-output>
          </reporter-output>
        </test-method> <!-- quitBrowser -->
        <test-method is-config="true" signature="launchApplication()[pri:0, instance:srimettu.tests.StandAloneTest@6d60fe40]" started-at="2024-04-18T09:32:44 BST" name="launchApplication" finished-at="2024-04-18T09:32:49 BST" duration-ms="5068" status="PASS">
          <reporter-output>
          </reporter-output>
        </test-method> <!-- launchApplication -->
        <test-method signature="mAlarmClear()[pri:0, instance:srimettu.tests.StandAloneTest@6d60fe40]" started-at="2024-04-18T09:32:49 BST" name="mAlarmClear" finished-at="2024-04-18T09:32:52 BST" duration-ms="3464" status="PASS">
          <reporter-output>
          </reporter-output>
        </test-method> <!-- mAlarmClear -->
        <test-method is-config="true" signature="quitBrowser()[pri:0, instance:srimettu.tests.StandAloneTest@6d60fe40]" started-at="2024-04-18T09:32:52 BST" name="quitBrowser" finished-at="2024-04-18T09:32:52 BST" duration-ms="0" status="PASS">
          <reporter-output>
          </reporter-output>
        </test-method> <!-- quitBrowser -->
        <test-method is-config="true" signature="launchApplication()[pri:0, instance:srimettu.tests.StandAloneTest@6d60fe40]" started-at="2024-04-18T09:32:52 BST" name="launchApplication" finished-at="2024-04-18T09:32:58 BST" duration-ms="5522" status="PASS">
          <reporter-output>
          </reporter-output>
        </test-method> <!-- launchApplication -->
        <test-method signature="logOut()[pri:0, instance:srimettu.tests.StandAloneTest@6d60fe40]" started-at="2024-04-18T09:32:58 BST" name="logOut" finished-at="2024-04-18T09:33:00 BST" depends-on-methods="srimettu.tests.StandAloneTest.logIn" duration-ms="2165" status="PASS">
          <reporter-output>
          </reporter-output>
        </test-method> <!-- logOut -->
        <test-method is-config="true" signature="quitBrowser()[pri:0, instance:srimettu.tests.StandAloneTest@6d60fe40]" started-at="2024-04-18T09:33:00 BST" name="quitBrowser" finished-at="2024-04-18T09:33:00 BST" duration-ms="0" status="PASS">
          <reporter-output>
          </reporter-output>
        </test-method> <!-- quitBrowser -->
      </class> <!-- srimettu.tests.StandAloneTest -->
    </test> <!-- StandaloneTest -->
  </suite> <!-- Suite -->
</testng-results>
