<?xml version="1.0" encoding="UTF-8"?>
<!-- Generated by org.testng.reporters.JUnitXMLReporter -->
<testsuite ignored="10" hostname="SWQA-1" failures="1" tests="11" name="Command line test" time="126.785" errors="0" timestamp="2024-05-01T14:14:04 BST">
  <testcase classname="srimettu.tests.DataProviderEValidation" name="InvalidlogIn" time="0.822"/>
  <testcase classname="srimettu.tests.DataProviderEValidation" name="InvalidlogIn" time="0.629"/>
  <testcase classname="srimettu.tests.DataProviderEValidation" name="logInCheck" time="0.587"/>
  <testcase classname="srimettu.tests.DataProviderEValidation" name="logInCheck" time="0.597"/>
  <testcase classname="srimettu.tests.DataProviderEValidation" name="logInCheckdata" time="0.651"/>
  <testcase classname="srimettu.tests.DataProviderEValidation" name="logInCheckdata" time="0.599"/>
  <testcase classname="srimettu.tests.deviceManagementTest" name="deviceEdit" time="60.738">
    <failure type="org.openqa.selenium.NoSuchWindowException" message="no such window: target window already closed
from unknown error: web view not found
  (Session info: chrome=124.0.6367.78)
Build info: version: &amp;apos;4.19.1&amp;apos;, revision: &amp;apos;abe0ee07dc&amp;apos;
System info: os.name: &amp;apos;Windows 11&amp;apos;, os.arch: &amp;apos;amd64&amp;apos;, os.version: &amp;apos;10.0&amp;apos;, java.version: &amp;apos;21.0.2&amp;apos;
Driver info: org.openqa.selenium.chrome.ChromeDriver
Command: [b80b3119eb49089a7fae6c572e1d800b, findElement {using=id, value=appSidebarTogglerv}]
Capabilities {acceptInsecureCerts: false, browserName: chrome, browserVersion: 124.0.6367.78, chrome: {chromedriverVersion: 124.0.6367.91 (51df0e5e17a8..., userDataDir: C:\Users\smettu\AppData\Loc...}, fedcm:accounts: true, goog:chromeOptions: {debuggerAddress: localhost:59434}, networkConnectionEnabled: false, pageLoadStrategy: normal, platformName: windows, proxy: Proxy(), se:cdp: ws://localhost:59434/devtoo..., se:cdpVersion: 124.0.6367.78, setWindowRect: true, strictFileInteractability: false, timeouts: {implicit: 0, pageLoad: 300000, script: 30000}, unhandledPromptBehavior: dismiss and notify, webauthn:extension:credBlob: true, webauthn:extension:largeBlob: true, webauthn:extension:minPinLength: true, webauthn:extension:prf: true, webauthn:virtualAuthenticators: true}
Session ID: b80b3119eb49089a7fae6c572e1d800b">
      <![CDATA[org.openqa.selenium.NoSuchWindowException: no such window: target window already closed
from unknown error: web view not found
  (Session info: chrome=124.0.6367.78)
Build info: version: '4.19.1', revision: 'abe0ee07dc'
System info: os.name: 'Windows 11', os.arch: 'amd64', os.version: '10.0', java.version: '21.0.2'
Driver info: org.openqa.selenium.chrome.ChromeDriver
Command: [b80b3119eb49089a7fae6c572e1d800b, findElement {using=id, value=appSidebarTogglerv}]
Capabilities {acceptInsecureCerts: false, browserName: chrome, browserVersion: 124.0.6367.78, chrome: {chromedriverVersion: 124.0.6367.91 (51df0e5e17a8..., userDataDir: C:\Users\smettu\AppData\Loc...}, fedcm:accounts: true, goog:chromeOptions: {debuggerAddress: localhost:59434}, networkConnectionEnabled: false, pageLoadStrategy: normal, platformName: windows, proxy: Proxy(), se:cdp: ws://localhost:59434/devtoo..., se:cdpVersion: 124.0.6367.78, setWindowRect: true, strictFileInteractability: false, timeouts: {implicit: 0, pageLoad: 300000, script: 30000}, unhandledPromptBehavior: dismiss and notify, webauthn:extension:credBlob: true, webauthn:extension:largeBlob: true, webauthn:extension:minPinLength: true, webauthn:extension:prf: true, webauthn:virtualAuthenticators: true}
Session ID: b80b3119eb49089a7fae6c572e1d800b
at org.openqa.selenium.remote.ErrorCodec.decode(ErrorCodec.java:167)
at org.openqa.selenium.remote.codec.w3c.W3CHttpResponseCodec.decode(W3CHttpResponseCodec.java:138)
at org.openqa.selenium.remote.codec.w3c.W3CHttpResponseCodec.decode(W3CHttpResponseCodec.java:50)
at org.openqa.selenium.remote.HttpCommandExecutor.execute(HttpCommandExecutor.java:190)
at org.openqa.selenium.remote.service.DriverCommandExecutor.invokeExecute(DriverCommandExecutor.java:216)
at org.openqa.selenium.remote.service.DriverCommandExecutor.execute(DriverCommandExecutor.java:174)
at org.openqa.selenium.remote.RemoteWebDriver.execute(RemoteWebDriver.java:518)
at org.openqa.selenium.remote.ElementLocation$ElementFinder$2.findElement(ElementLocation.java:165)
at org.openqa.selenium.remote.ElementLocation.findElement(ElementLocation.java:59)
at org.openqa.selenium.remote.RemoteWebDriver.findElement(RemoteWebDriver.java:355)
at org.openqa.selenium.remote.RemoteWebDriver.findElement(RemoteWebDriver.java:349)
at org.openqa.selenium.support.pagefactory.DefaultElementLocator.findElement(DefaultElementLocator.java:68)
at org.openqa.selenium.support.pagefactory.internal.LocatingElementHandler.invoke(LocatingElementHandler.java:38)
at jdk.proxy2/jdk.proxy2.$Proxy10.toString(Unknown Source)
at java.base/java.lang.StringConcatHelper.stringOf(StringConcatHelper.java:467)
at java.base/java.lang.StringConcatHelper.simpleConcat(StringConcatHelper.java:422)
at org.openqa.selenium.support.ui.ExpectedConditions$10.toString(ExpectedConditions.java:295)
at java.base/java.lang.StringConcatHelper.stringOf(StringConcatHelper.java:467)
at java.base/java.lang.StringConcatHelper.simpleConcat(StringConcatHelper.java:422)
at org.openqa.selenium.support.ui.FluentWait.until(FluentWait.java:225)
at srimettu.AbstractComponents.AbstractComponent.waitForWebElementToAppear(AbstractComponent.java:41)
at srimettu.AbstractComponents.AbstractComponent.menubutton(AbstractComponent.java:71)
at srimettu.tests.deviceManagementTest.deviceEdit(deviceManagementTest.java:28)
at java.base/java.util.ArrayList.forEach(ArrayList.java:1596)
at srimettu.tests.TestNGRunner.main(TestNGRunner.java:18)
... Removed 25 stack frames]]>
    </failure>
  </testcase> <!-- deviceEdit -->
  <testcase classname="srimettu.tests.EscortManagementTest" name="addEscortEvent" time="11.145"/>
  <testcase classname="srimettu.tests.EscortManagementTest" name="deleteEscortEvent" time="4.537"/>
  <testcase classname="srimettu.tests.StandAloneTest" name="alarmHistory" time="6.729"/>
  <testcase classname="srimettu.tests.StandAloneTest" name="mableHistory" time="6.923"/>
  <testcase classname="srimettu.tests.UserManagementTest" name="unassignDev" time="0.0">
    <ignored/>
  </testcase> <!-- unassignDev -->
  <testcase classname="srimettu.tests.UserManagementTest" name="userEdit" time="0.0">
    <ignored/>
  </testcase> <!-- userEdit -->
  <testcase classname="srimettu.tests.UserManagementTest" name="assignDev" time="0.0">
    <ignored/>
  </testcase> <!-- assignDev -->
  <testcase classname="srimettu.tests.StandAloneTest" name="mAlarmClear" time="0.0">
    <ignored/>
  </testcase> <!-- mAlarmClear -->
  <testcase classname="srimettu.tests.UserManagementTest" name="userDelete" time="0.0">
    <ignored/>
  </testcase> <!-- userDelete -->
  <testcase classname="srimettu.tests.UserManagementTest" name="userAdd" time="0.0">
    <ignored/>
  </testcase> <!-- userAdd -->
  <testcase classname="srimettu.tests.StandAloneTest" name="logOut" time="0.0">
    <ignored/>
  </testcase> <!-- logOut -->
  <testcase classname="srimettu.tests.deviceManagementTest" name="loadDevice" time="0.0">
    <ignored/>
  </testcase> <!-- loadDevice -->
  <testcase classname="srimettu.tests.StandAloneTest" name="logIn" time="0.0">
    <ignored/>
  </testcase> <!-- logIn -->
  <testcase classname="srimettu.tests.StandAloneTest" name="bAlertClear" time="0.0">
    <ignored/>
  </testcase> <!-- bAlertClear -->
</testsuite> <!-- Command line test -->
