<?xml version="1.0" encoding="UTF-8"?>
<testng-results ignored="0" total="1" passed="1" failed="0" skipped="0">
  <reporter-output>
  </reporter-output>
  <suite started-at="2024-05-08T15:13:04 BST" name="Default suite" finished-at="2024-05-08T15:13:12 BST" duration-ms="7997">
    <groups>
    </groups>
    <test started-at="2024-05-08T15:13:04 BST" name="Default test" finished-at="2024-05-08T15:13:12 BST" duration-ms="7997">
      <class name="srimettu.tests.SysConfigTest">
        <test-method is-config="true" signature="launchApplication()[pri:0, instance:srimettu.tests.SysConfigTest@6ca18a14]" started-at="2024-05-08T15:13:04 BST" name="launchApplication" finished-at="2024-05-08T15:13:07 BST" duration-ms="3386" status="PASS">
          <reporter-output>
          </reporter-output>
        </test-method> <!-- launchApplication -->
        <test-method signature="intAlarm()[pri:0, instance:srimettu.tests.SysConfigTest@6ca18a14]" started-at="2024-05-08T15:13:07 BST" name="intAlarm" finished-at="2024-05-08T15:13:12 BST" duration-ms="4296" status="PASS">
          <reporter-output>
          </reporter-output>
        </test-method> <!-- intAlarm -->
        <test-method is-config="true" signature="quitBrowser()[pri:0, instance:srimettu.tests.SysConfigTest@6ca18a14]" started-at="2024-05-08T15:13:12 BST" name="quitBrowser" finished-at="2024-05-08T15:13:12 BST" duration-ms="271" status="PASS">
          <reporter-output>
          </reporter-output>
        </test-method> <!-- quitBrowser -->
      </class> <!-- srimettu.tests.SysConfigTest -->
    </test> <!-- Default test -->
  </suite> <!-- Default suite -->
</testng-results>
