<?xml version="1.0" encoding="UTF-8"?>
<testng-results ignored="0" total="7" passed="7" failed="0" skipped="0">
  <reporter-output>
  </reporter-output>
  <suite started-at="2024-05-16T13:25:01 BST" name="Default suite" finished-at="2024-05-16T13:26:20 BST" duration-ms="78126">
    <groups>
      <group name="cucumber">
        <method signature="AbstractTestNGCucumberTests.runScenario(io.cucumber.testng.PickleWrapper,io.cucumber.testng.FeatureWrapper)[pri:0, instance:cucumber.CucumberTestRunner@7a3793c7]" name="runScenario" class="io.cucumber.testng.AbstractTestNGCucumberTests"/>
      </group> <!-- cucumber -->
    </groups>
    <test started-at="2024-05-16T13:25:01 BST" name="Default test" finished-at="2024-05-16T13:26:20 BST" duration-ms="78126">
      <class name="cucumber.CucumberTestRunner">
        <test-method is-config="true" signature="setUpClass(org.testng.ITestContext)[pri:0, instance:cucumber.CucumberTestRunner@7a3793c7]" started-at="2024-05-16T13:25:01 BST" name="setUpClass" finished-at="2024-05-16T13:25:02 BST" duration-ms="894" status="PASS">
          <params>
            <param index="0">
              <value>
                <![CDATA[org.testng.TestRunner@3ea75b05]]>
              </value>
            </param>
          </params>
          <reporter-output>
          </reporter-output>
        </test-method> <!-- setUpClass -->
        <test-method signature="runScenario(io.cucumber.testng.PickleWrapper,io.cucumber.testng.FeatureWrapper)[pri:0, instance:cucumber.CucumberTestRunner@7a3793c7]" started-at="2024-05-16T13:25:02 BST" name="runScenario" description="Runs Cucumber Scenarios" data-provider="scenarios" finished-at="2024-05-16T13:25:10 BST" duration-ms="7935" status="PASS">
          <params>
            <param index="0">
              <value>
                <![CDATA["Maintenance Alert Clear"]]>
              </value>
            </param>
            <param index="1">
              <value>
                <![CDATA["Clearing the Alert"]]>
              </value>
            </param>
          </params>
          <reporter-output>
          </reporter-output>
        </test-method> <!-- runScenario -->
        <test-method signature="runScenario(io.cucumber.testng.PickleWrapper,io.cucumber.testng.FeatureWrapper)[pri:0, instance:cucumber.CucumberTestRunner@7a3793c7]" started-at="2024-05-16T13:25:10 BST" name="runScenario" description="Runs Cucumber Scenarios" data-provider="scenarios" finished-at="2024-05-16T13:25:17 BST" duration-ms="6982" status="PASS">
          <params>
            <param index="0">
              <value>
                <![CDATA["Beacon Alert Clear"]]>
              </value>
            </param>
            <param index="1">
              <value>
                <![CDATA["Clearing the Alert"]]>
              </value>
            </param>
          </params>
          <reporter-output>
          </reporter-output>
        </test-method> <!-- runScenario -->
        <test-method signature="runScenario(io.cucumber.testng.PickleWrapper,io.cucumber.testng.FeatureWrapper)[pri:0, instance:cucumber.CucumberTestRunner@7a3793c7]" started-at="2024-05-16T13:25:17 BST" name="runScenario" description="Runs Cucumber Scenarios" data-provider="scenarios" finished-at="2024-05-16T13:25:20 BST" duration-ms="3037" status="PASS">
          <params>
            <param index="0">
              <value>
                <![CDATA["Invalid Login check"]]>
              </value>
            </param>
            <param index="1">
              <value>
                <![CDATA["Login Check"]]>
              </value>
            </param>
          </params>
          <reporter-output>
          </reporter-output>
        </test-method> <!-- runScenario -->
        <test-method signature="runScenario(io.cucumber.testng.PickleWrapper,io.cucumber.testng.FeatureWrapper)[pri:0, instance:cucumber.CucumberTestRunner@7a3793c7]" started-at="2024-05-16T13:25:20 BST" name="runScenario" description="Runs Cucumber Scenarios" data-provider="scenarios" finished-at="2024-05-16T13:25:49 BST" duration-ms="28718" status="PASS">
          <params>
            <param index="0">
              <value>
                <![CDATA["Loading the devices from Hub"]]>
              </value>
            </param>
            <param index="1">
              <value>
                <![CDATA["Device Management Page"]]>
              </value>
            </param>
          </params>
          <reporter-output>
          </reporter-output>
        </test-method> <!-- runScenario -->
        <test-method signature="runScenario(io.cucumber.testng.PickleWrapper,io.cucumber.testng.FeatureWrapper)[pri:0, instance:cucumber.CucumberTestRunner@7a3793c7]" started-at="2024-05-16T13:25:49 BST" name="runScenario" description="Runs Cucumber Scenarios" data-provider="scenarios" finished-at="2024-05-16T13:25:59 BST" duration-ms="10342" status="PASS">
          <params>
            <param index="0">
              <value>
                <![CDATA["Edit Device"]]>
              </value>
            </param>
            <param index="1">
              <value>
                <![CDATA["Device Management Page"]]>
              </value>
            </param>
          </params>
          <reporter-output>
          </reporter-output>
        </test-method> <!-- runScenario -->
        <test-method signature="runScenario(io.cucumber.testng.PickleWrapper,io.cucumber.testng.FeatureWrapper)[pri:0, instance:cucumber.CucumberTestRunner@7a3793c7]" started-at="2024-05-16T13:25:59 BST" name="runScenario" description="Runs Cucumber Scenarios" data-provider="scenarios" finished-at="2024-05-16T13:26:09 BST" duration-ms="9135" status="PASS">
          <params>
            <param index="0">
              <value>
                <![CDATA["Add Beacon"]]>
              </value>
            </param>
            <param index="1">
              <value>
                <![CDATA["Device Management Page"]]>
              </value>
            </param>
          </params>
          <reporter-output>
          </reporter-output>
        </test-method> <!-- runScenario -->
        <test-method signature="runScenario(io.cucumber.testng.PickleWrapper,io.cucumber.testng.FeatureWrapper)[pri:0, instance:cucumber.CucumberTestRunner@7a3793c7]" started-at="2024-05-16T13:26:09 BST" name="runScenario" description="Runs Cucumber Scenarios" data-provider="scenarios" finished-at="2024-05-16T13:26:19 BST" duration-ms="10874" status="PASS">
          <params>
            <param index="0">
              <value>
                <![CDATA["Edit Device"]]>
              </value>
            </param>
            <param index="1">
              <value>
                <![CDATA["Device Management Page"]]>
              </value>
            </param>
          </params>
          <reporter-output>
          </reporter-output>
        </test-method> <!-- runScenario -->
        <test-method is-config="true" signature="tearDownClass()[pri:0, instance:cucumber.CucumberTestRunner@7a3793c7]" started-at="2024-05-16T13:26:19 BST" name="tearDownClass" finished-at="2024-05-16T13:26:20 BST" duration-ms="142" status="PASS">
          <reporter-output>
          </reporter-output>
        </test-method> <!-- tearDownClass -->
      </class> <!-- cucumber.CucumberTestRunner -->
    </test> <!-- Default test -->
  </suite> <!-- Default suite -->
</testng-results>
