<?xml version="1.0" encoding="UTF-8"?>
<testng-results ignored="0" total="2" passed="2" failed="0" skipped="0">
  <reporter-output>
  </reporter-output>
  <suite started-at="2024-04-19T16:35:47 BST" name="Default suite" finished-at="2024-04-19T16:35:58 BST" duration-ms="10777">
    <groups>
    </groups>
    <test started-at="2024-04-19T16:35:47 BST" name="Default test" finished-at="2024-04-19T16:35:58 BST" duration-ms="10777">
      <class name="srimettu.tests.UserManagementTest">
        <test-method is-config="true" signature="launchApplication()[pri:0, instance:srimettu.tests.UserManagementTest@644baf4a]" started-at="2024-04-19T16:35:47 BST" name="launchApplication" finished-at="2024-04-19T16:35:50 BST" duration-ms="3185" status="PASS">
          <reporter-output>
          </reporter-output>
        </test-method> <!-- launchApplication -->
        <test-method signature="assignDev()[pri:0, instance:srimettu.tests.UserManagementTest@644baf4a]" started-at="2024-04-19T16:35:50 BST" name="assignDev" finished-at="2024-04-19T16:35:52 BST" duration-ms="2480" status="PASS">
          <reporter-output>
          </reporter-output>
        </test-method> <!-- assignDev -->
        <test-method is-config="true" signature="quitBrowser()[pri:0, instance:srimettu.tests.UserManagementTest@644baf4a]" started-at="2024-04-19T16:35:52 BST" name="quitBrowser" finished-at="2024-04-19T16:35:52 BST" duration-ms="1" status="PASS">
          <reporter-output>
          </reporter-output>
        </test-method> <!-- quitBrowser -->
        <test-method is-config="true" signature="launchApplication()[pri:0, instance:srimettu.tests.UserManagementTest@644baf4a]" started-at="2024-04-19T16:35:52 BST" name="launchApplication" finished-at="2024-04-19T16:35:55 BST" duration-ms="2392" status="PASS">
          <reporter-output>
          </reporter-output>
        </test-method> <!-- launchApplication -->
        <test-method signature="unassignDev()[pri:0, instance:srimettu.tests.UserManagementTest@644baf4a]" started-at="2024-04-19T16:35:55 BST" name="unassignDev" finished-at="2024-04-19T16:35:58 BST" depends-on-methods="srimettu.tests.UserManagementTest.assignDev" duration-ms="2667" status="PASS">
          <reporter-output>
          </reporter-output>
        </test-method> <!-- unassignDev -->
        <test-method is-config="true" signature="quitBrowser()[pri:0, instance:srimettu.tests.UserManagementTest@644baf4a]" started-at="2024-04-19T16:35:58 BST" name="quitBrowser" finished-at="2024-04-19T16:35:58 BST" duration-ms="1" status="PASS">
          <reporter-output>
          </reporter-output>
        </test-method> <!-- quitBrowser -->
      </class> <!-- srimettu.tests.UserManagementTest -->
    </test> <!-- Default test -->
  </suite> <!-- Default suite -->
</testng-results>
