<?xml version="1.0" encoding="UTF-8"?>
<testng-results ignored="0" total="6" passed="6" failed="0" skipped="0">
  <reporter-output>
  </reporter-output>
  <suite started-at="2024-04-25T09:09:39 BST" name="Suite" finished-at="2024-04-25T09:10:10 BST" duration-ms="31130">
    <groups>
      <group name="alertClear">
        <method signature="StandAloneTest.bAlertClear()[pri:0, instance:srimettu.tests.StandAloneTest@2766ca9d]" name="bAlertClear" class="srimettu.tests.StandAloneTest"/>
        <method signature="StandAloneTest.mAlarmClear()[pri:0, instance:srimettu.tests.StandAloneTest@2766ca9d]" name="mAlarmClear" class="srimettu.tests.StandAloneTest"/>
      </group> <!-- alertClear -->
    </groups>
    <test started-at="2024-04-25T09:09:39 BST" name="StandAloneTest" finished-at="2024-04-25T09:10:10 BST" duration-ms="31130">
      <class name="srimettu.tests.StandAloneTest">
        <test-method is-config="true" signature="launchApplication()[pri:0, instance:srimettu.tests.StandAloneTest@2766ca9d]" started-at="2024-04-25T09:09:39 BST" name="launchApplication" finished-at="2024-04-25T09:09:42 BST" duration-ms="2914" status="PASS">
          <reporter-output>
          </reporter-output>
        </test-method> <!-- launchApplication -->
        <test-method signature="logIn()[pri:0, instance:srimettu.tests.StandAloneTest@2766ca9d]" started-at="2024-04-25T09:09:42 BST" name="logIn" finished-at="2024-04-25T09:09:42 BST" duration-ms="400" status="PASS">
          <reporter-output>
          </reporter-output>
        </test-method> <!-- logIn -->
        <test-method is-config="true" signature="quitBrowser()[pri:0, instance:srimettu.tests.StandAloneTest@2766ca9d]" started-at="2024-04-25T09:09:42 BST" name="quitBrowser" finished-at="2024-04-25T09:09:43 BST" duration-ms="261" status="PASS">
          <reporter-output>
          </reporter-output>
        </test-method> <!-- quitBrowser -->
        <test-method is-config="true" signature="launchApplication()[pri:0, instance:srimettu.tests.StandAloneTest@2766ca9d]" started-at="2024-04-25T09:09:43 BST" name="launchApplication" finished-at="2024-04-25T09:09:45 BST" duration-ms="2342" status="PASS">
          <reporter-output>
          </reporter-output>
        </test-method> <!-- launchApplication -->
        <test-method signature="alarmHistory()[pri:0, instance:srimettu.tests.StandAloneTest@2766ca9d]" started-at="2024-04-25T09:09:45 BST" name="alarmHistory" finished-at="2024-04-25T09:09:50 BST" duration-ms="4651" status="PASS">
          <reporter-output>
          </reporter-output>
        </test-method> <!-- alarmHistory -->
        <test-method is-config="true" signature="quitBrowser()[pri:0, instance:srimettu.tests.StandAloneTest@2766ca9d]" started-at="2024-04-25T09:09:50 BST" name="quitBrowser" finished-at="2024-04-25T09:09:50 BST" duration-ms="263" status="PASS">
          <reporter-output>
          </reporter-output>
        </test-method> <!-- quitBrowser -->
        <test-method is-config="true" signature="launchApplication()[pri:0, instance:srimettu.tests.StandAloneTest@2766ca9d]" started-at="2024-04-25T09:09:50 BST" name="launchApplication" finished-at="2024-04-25T09:09:52 BST" duration-ms="2354" status="PASS">
          <reporter-output>
          </reporter-output>
        </test-method> <!-- launchApplication -->
        <test-method signature="bAlertClear()[pri:0, instance:srimettu.tests.StandAloneTest@2766ca9d]" started-at="2024-04-25T09:09:52 BST" name="bAlertClear" finished-at="2024-04-25T09:09:55 BST" duration-ms="2430" status="PASS">
          <reporter-output>
          </reporter-output>
        </test-method> <!-- bAlertClear -->
        <test-method is-config="true" signature="quitBrowser()[pri:0, instance:srimettu.tests.StandAloneTest@2766ca9d]" started-at="2024-04-25T09:09:55 BST" name="quitBrowser" finished-at="2024-04-25T09:09:55 BST" duration-ms="254" status="PASS">
          <reporter-output>
          </reporter-output>
        </test-method> <!-- quitBrowser -->
        <test-method is-config="true" signature="launchApplication()[pri:0, instance:srimettu.tests.StandAloneTest@2766ca9d]" started-at="2024-04-25T09:09:55 BST" name="launchApplication" finished-at="2024-04-25T09:09:57 BST" duration-ms="2395" status="PASS">
          <reporter-output>
          </reporter-output>
        </test-method> <!-- launchApplication -->
        <test-method signature="mAlarmClear()[pri:0, instance:srimettu.tests.StandAloneTest@2766ca9d]" started-at="2024-04-25T09:09:57 BST" name="mAlarmClear" finished-at="2024-04-25T09:09:59 BST" duration-ms="1916" status="PASS">
          <reporter-output>
          </reporter-output>
        </test-method> <!-- mAlarmClear -->
        <test-method is-config="true" signature="quitBrowser()[pri:0, instance:srimettu.tests.StandAloneTest@2766ca9d]" started-at="2024-04-25T09:09:59 BST" name="quitBrowser" finished-at="2024-04-25T09:09:59 BST" duration-ms="243" status="PASS">
          <reporter-output>
          </reporter-output>
        </test-method> <!-- quitBrowser -->
        <test-method is-config="true" signature="launchApplication()[pri:0, instance:srimettu.tests.StandAloneTest@2766ca9d]" started-at="2024-04-25T09:09:59 BST" name="launchApplication" finished-at="2024-04-25T09:10:02 BST" duration-ms="2537" status="PASS">
          <reporter-output>
          </reporter-output>
        </test-method> <!-- launchApplication -->
        <test-method signature="mableHistory()[pri:0, instance:srimettu.tests.StandAloneTest@2766ca9d]" started-at="2024-04-25T09:10:02 BST" name="mableHistory" finished-at="2024-04-25T09:10:07 BST" duration-ms="4785" status="PASS">
          <reporter-output>
          </reporter-output>
        </test-method> <!-- mableHistory -->
        <test-method is-config="true" signature="quitBrowser()[pri:0, instance:srimettu.tests.StandAloneTest@2766ca9d]" started-at="2024-04-25T09:10:07 BST" name="quitBrowser" finished-at="2024-04-25T09:10:07 BST" duration-ms="332" status="PASS">
          <reporter-output>
          </reporter-output>
        </test-method> <!-- quitBrowser -->
        <test-method is-config="true" signature="launchApplication()[pri:0, instance:srimettu.tests.StandAloneTest@2766ca9d]" started-at="2024-04-25T09:10:07 BST" name="launchApplication" finished-at="2024-04-25T09:10:09 BST" duration-ms="2319" status="PASS">
          <reporter-output>
          </reporter-output>
        </test-method> <!-- launchApplication -->
        <test-method signature="logOut()[pri:0, instance:srimettu.tests.StandAloneTest@2766ca9d]" started-at="2024-04-25T09:10:09 BST" name="logOut" finished-at="2024-04-25T09:10:10 BST" depends-on-methods="srimettu.tests.StandAloneTest.logIn" duration-ms="447" status="PASS">
          <reporter-output>
          </reporter-output>
        </test-method> <!-- logOut -->
        <test-method is-config="true" signature="quitBrowser()[pri:0, instance:srimettu.tests.StandAloneTest@2766ca9d]" started-at="2024-04-25T09:10:10 BST" name="quitBrowser" finished-at="2024-04-25T09:10:10 BST" duration-ms="215" status="PASS">
          <reporter-output>
          </reporter-output>
        </test-method> <!-- quitBrowser -->
      </class> <!-- srimettu.tests.StandAloneTest -->
    </test> <!-- StandAloneTest -->
  </suite> <!-- Suite -->
</testng-results>
