<?xml version="1.0" encoding="UTF-8"?>
<testng-results ignored="0" total="1" passed="1" failed="0" skipped="0">
  <reporter-output>
  </reporter-output>
  <suite started-at="2024-06-06T15:19:15 BST" name="Default suite" finished-at="2024-06-06T15:19:34 BST" duration-ms="19092">
    <groups>
    </groups>
    <test started-at="2024-06-06T15:19:15 BST" name="Default test" finished-at="2024-06-06T15:19:34 BST" duration-ms="19092">
      <class name="srimettu.tests.ReportsTest">
        <test-method is-config="true" signature="launchApplication()[pri:0, instance:srimettu.tests.ReportsTest@35a3d49f]" started-at="2024-06-06T15:19:15 BST" name="launchApplication" finished-at="2024-06-06T15:19:18 BST" duration-ms="2973" status="PASS">
          <reporter-output>
          </reporter-output>
        </test-method> <!-- launchApplication -->
        <test-method signature="genanddelReport()[pri:0, instance:srimettu.tests.ReportsTest@35a3d49f]" started-at="2024-06-06T15:19:18 BST" name="genanddelReport" finished-at="2024-06-06T15:19:34 BST" duration-ms="15799" status="PASS">
          <reporter-output>
          </reporter-output>
        </test-method> <!-- genanddelReport -->
        <test-method is-config="true" signature="quitBrowser()[pri:0, instance:srimettu.tests.ReportsTest@35a3d49f]" started-at="2024-06-06T15:19:34 BST" name="quitBrowser" finished-at="2024-06-06T15:19:34 BST" duration-ms="275" status="PASS">
          <reporter-output>
          </reporter-output>
        </test-method> <!-- quitBrowser -->
      </class> <!-- srimettu.tests.ReportsTest -->
    </test> <!-- Default test -->
  </suite> <!-- Default suite -->
</testng-results>
