<?xml version="1.0" encoding="UTF-8"?>
<testng-results ignored="0" total="1" passed="1" failed="0" skipped="0">
  <reporter-output>
  </reporter-output>
  <suite started-at="2024-04-23T14:03:56 BST" name="Suite" finished-at="2024-04-23T14:04:03 BST" duration-ms="7342">
    <groups>
    </groups>
    <test started-at="2024-04-23T14:03:56 BST" name="deviceManagementTest" finished-at="2024-04-23T14:04:03 BST" duration-ms="7342">
      <class name="srimettu.tests.deviceManagementTest">
        <test-method is-config="true" signature="launchApplication()[pri:0, instance:srimettu.tests.deviceManagementTest@19e4fcac]" started-at="2024-04-23T14:03:56 BST" name="launchApplication" finished-at="2024-04-23T14:03:59 BST" duration-ms="3083" status="PASS">
          <reporter-output>
          </reporter-output>
        </test-method> <!-- launchApplication -->
        <test-method signature="deviceEdit()[pri:0, instance:srimettu.tests.deviceManagementTest@19e4fcac]" started-at="2024-04-23T14:03:59 BST" name="deviceEdit" finished-at="2024-04-23T14:04:03 BST" duration-ms="4215" status="PASS">
          <reporter-output>
          </reporter-output>
        </test-method> <!-- deviceEdit -->
        <test-method is-config="true" signature="quitBrowser()[pri:0, instance:srimettu.tests.deviceManagementTest@19e4fcac]" started-at="2024-04-23T14:04:03 BST" name="quitBrowser" finished-at="2024-04-23T14:04:03 BST" duration-ms="0" status="PASS">
          <reporter-output>
          </reporter-output>
        </test-method> <!-- quitBrowser -->
      </class> <!-- srimettu.tests.deviceManagementTest -->
    </test> <!-- deviceManagementTest -->
  </suite> <!-- Suite -->
</testng-results>
