<?xml version="1.0" encoding="UTF-8"?>
<testng-results ignored="0" total="2" passed="2" failed="0" skipped="0">
  <reporter-output>
  </reporter-output>
  <suite started-at="2024-05-03T13:42:33 BST" name="Default suite" finished-at="2024-05-03T13:42:53 BST" duration-ms="19577">
    <groups>
    </groups>
    <test started-at="2024-05-03T13:42:33 BST" name="Default test" finished-at="2024-05-03T13:42:53 BST" duration-ms="19577">
      <class name="srimettu.tests.EscortManagementTest">
        <test-method is-config="true" signature="launchApplication()[pri:0, instance:srimettu.tests.EscortManagementTest@478db956]" started-at="2024-05-03T13:42:33 BST" name="launchApplication" finished-at="2024-05-03T13:42:37 BST" duration-ms="3320" status="PASS">
          <reporter-output>
          </reporter-output>
        </test-method> <!-- launchApplication -->
        <test-method signature="addEscortEvent()[pri:0, instance:srimettu.tests.EscortManagementTest@478db956]" started-at="2024-05-03T13:42:37 BST" name="addEscortEvent" finished-at="2024-05-03T13:42:45 BST" duration-ms="8764" status="PASS">
          <reporter-output>
          </reporter-output>
        </test-method> <!-- addEscortEvent -->
        <test-method is-config="true" signature="quitBrowser()[pri:0, instance:srimettu.tests.EscortManagementTest@478db956]" started-at="2024-05-03T13:42:45 BST" name="quitBrowser" finished-at="2024-05-03T13:42:46 BST" duration-ms="320" status="PASS">
          <reporter-output>
          </reporter-output>
        </test-method> <!-- quitBrowser -->
        <test-method is-config="true" signature="launchApplication()[pri:0, instance:srimettu.tests.EscortManagementTest@478db956]" started-at="2024-05-03T13:42:46 BST" name="launchApplication" finished-at="2024-05-03T13:42:48 BST" duration-ms="2495" status="PASS">
          <reporter-output>
          </reporter-output>
        </test-method> <!-- launchApplication -->
        <test-method signature="deleteEscortEvent()[pri:0, instance:srimettu.tests.EscortManagementTest@478db956]" started-at="2024-05-03T13:42:48 BST" name="deleteEscortEvent" finished-at="2024-05-03T13:42:53 BST" duration-ms="4342" status="PASS">
          <reporter-output>
          </reporter-output>
        </test-method> <!-- deleteEscortEvent -->
        <test-method is-config="true" signature="quitBrowser()[pri:0, instance:srimettu.tests.EscortManagementTest@478db956]" started-at="2024-05-03T13:42:53 BST" name="quitBrowser" finished-at="2024-05-03T13:42:53 BST" duration-ms="278" status="PASS">
          <reporter-output>
          </reporter-output>
        </test-method> <!-- quitBrowser -->
      </class> <!-- srimettu.tests.EscortManagementTest -->
    </test> <!-- Default test -->
  </suite> <!-- Default suite -->
</testng-results>
