<?xml version="1.0" encoding="UTF-8"?>
<testng-results ignored="0" total="4" passed="4" failed="0" skipped="0">
  <reporter-output>
  </reporter-output>
  <suite started-at="2024-06-03T15:51:36 BST" name="Default suite" finished-at="2024-06-03T15:52:09 BST" duration-ms="32969">
    <groups>
      <group name="alertClear">
        <method signature="StandAloneTest.bAlertClear()[pri:0, instance:srimettu.tests.StandAloneTest@7b50df34]" name="bAlertClear" class="srimettu.tests.StandAloneTest"/>
        <method signature="StandAloneTest.mAlarmClear()[pri:0, instance:srimettu.tests.StandAloneTest@7b50df34]" name="mAlarmClear" class="srimettu.tests.StandAloneTest"/>
      </group> <!-- alertClear -->
    </groups>
    <test started-at="2024-06-03T15:51:36 BST" name="Default test" finished-at="2024-06-03T15:52:09 BST" duration-ms="32969">
      <class name="srimettu.tests.StandAloneTest">
        <test-method is-config="true" signature="launchApplication()[pri:0, instance:srimettu.tests.StandAloneTest@7b50df34]" started-at="2024-06-03T15:51:36 BST" name="launchApplication" finished-at="2024-06-03T15:51:39 BST" duration-ms="2988" status="PASS">
          <reporter-output>
          </reporter-output>
        </test-method> <!-- launchApplication -->
        <test-method signature="alarmHistory()[pri:0, instance:srimettu.tests.StandAloneTest@7b50df34]" started-at="2024-06-03T15:51:39 BST" name="alarmHistory" finished-at="2024-06-03T15:51:46 BST" duration-ms="6846" status="PASS">
          <reporter-output>
          </reporter-output>
        </test-method> <!-- alarmHistory -->
        <test-method is-config="true" signature="quitBrowser()[pri:0, instance:srimettu.tests.StandAloneTest@7b50df34]" started-at="2024-06-03T15:51:46 BST" name="quitBrowser" finished-at="2024-06-03T15:51:46 BST" duration-ms="277" status="PASS">
          <reporter-output>
          </reporter-output>
        </test-method> <!-- quitBrowser -->
        <test-method is-config="true" signature="launchApplication()[pri:0, instance:srimettu.tests.StandAloneTest@7b50df34]" started-at="2024-06-03T15:51:46 BST" name="launchApplication" finished-at="2024-06-03T15:51:48 BST" duration-ms="2412" status="PASS">
          <reporter-output>
          </reporter-output>
        </test-method> <!-- launchApplication -->
        <test-method signature="bAlertClear()[pri:0, instance:srimettu.tests.StandAloneTest@7b50df34]" started-at="2024-06-03T15:51:48 BST" name="bAlertClear" finished-at="2024-06-03T15:51:53 BST" duration-ms="4545" status="PASS">
          <reporter-output>
          </reporter-output>
        </test-method> <!-- bAlertClear -->
        <test-method is-config="true" signature="quitBrowser()[pri:0, instance:srimettu.tests.StandAloneTest@7b50df34]" started-at="2024-06-03T15:51:53 BST" name="quitBrowser" finished-at="2024-06-03T15:51:53 BST" duration-ms="249" status="PASS">
          <reporter-output>
          </reporter-output>
        </test-method> <!-- quitBrowser -->
        <test-method is-config="true" signature="launchApplication()[pri:0, instance:srimettu.tests.StandAloneTest@7b50df34]" started-at="2024-06-03T15:51:53 BST" name="launchApplication" finished-at="2024-06-03T15:51:56 BST" duration-ms="2418" status="PASS">
          <reporter-output>
          </reporter-output>
        </test-method> <!-- launchApplication -->
        <test-method signature="mAlarmClear()[pri:0, instance:srimettu.tests.StandAloneTest@7b50df34]" started-at="2024-06-03T15:51:56 BST" name="mAlarmClear" finished-at="2024-06-03T15:51:59 BST" duration-ms="3157" status="PASS">
          <reporter-output>
          </reporter-output>
        </test-method> <!-- mAlarmClear -->
        <test-method is-config="true" signature="quitBrowser()[pri:0, instance:srimettu.tests.StandAloneTest@7b50df34]" started-at="2024-06-03T15:51:59 BST" name="quitBrowser" finished-at="2024-06-03T15:51:59 BST" duration-ms="249" status="PASS">
          <reporter-output>
          </reporter-output>
        </test-method> <!-- quitBrowser -->
        <test-method is-config="true" signature="launchApplication()[pri:0, instance:srimettu.tests.StandAloneTest@7b50df34]" started-at="2024-06-03T15:51:59 BST" name="launchApplication" finished-at="2024-06-03T15:52:01 BST" duration-ms="2485" status="PASS">
          <reporter-output>
          </reporter-output>
        </test-method> <!-- launchApplication -->
        <test-method signature="mableHistory()[pri:0, instance:srimettu.tests.StandAloneTest@7b50df34]" started-at="2024-06-03T15:52:01 BST" name="mableHistory" finished-at="2024-06-03T15:52:08 BST" duration-ms="6974" status="PASS">
          <reporter-output>
          </reporter-output>
        </test-method> <!-- mableHistory -->
        <test-method is-config="true" signature="quitBrowser()[pri:0, instance:srimettu.tests.StandAloneTest@7b50df34]" started-at="2024-06-03T15:52:08 BST" name="quitBrowser" finished-at="2024-06-03T15:52:09 BST" duration-ms="312" status="PASS">
          <reporter-output>
          </reporter-output>
        </test-method> <!-- quitBrowser -->
      </class> <!-- srimettu.tests.StandAloneTest -->
    </test> <!-- Default test -->
  </suite> <!-- Default suite -->
</testng-results>
