<?xml version="1.0" encoding="UTF-8"?>
<testng-results ignored="0" total="1" passed="1" failed="0" skipped="0">
  <reporter-output>
  </reporter-output>
  <suite started-at="2024-05-29T08:25:48 BST" name="Default suite" finished-at="2024-05-29T08:28:34 BST" duration-ms="165801">
    <groups>
    </groups>
    <test started-at="2024-05-29T08:25:48 BST" name="Default test" finished-at="2024-05-29T08:28:34 BST" duration-ms="165801">
      <class name="srimettu.tests.deviceManagementTest">
        <test-method is-config="true" signature="launchApplication()[pri:0, instance:srimettu.tests.deviceManagementTest@2accdbb5]" started-at="2024-05-29T08:25:48 BST" name="launchApplication" finished-at="2024-05-29T08:25:51 BST" duration-ms="3505" status="PASS">
          <reporter-output>
          </reporter-output>
        </test-method> <!-- launchApplication -->
        <test-method signature="loadDevice()[pri:0, instance:srimettu.tests.deviceManagementTest@2accdbb5]" started-at="2024-05-29T08:25:51 BST" name="loadDevice" finished-at="2024-05-29T08:28:33 BST" duration-ms="161877" status="PASS">
          <reporter-output>
          </reporter-output>
        </test-method> <!-- loadDevice -->
        <test-method is-config="true" signature="quitBrowser()[pri:0, instance:srimettu.tests.deviceManagementTest@2accdbb5]" started-at="2024-05-29T08:28:33 BST" name="quitBrowser" finished-at="2024-05-29T08:28:34 BST" duration-ms="373" status="PASS">
          <reporter-output>
          </reporter-output>
        </test-method> <!-- quitBrowser -->
      </class> <!-- srimettu.tests.deviceManagementTest -->
    </test> <!-- Default test -->
  </suite> <!-- Default suite -->
</testng-results>
