<?xml version="1.0" encoding="UTF-8"?>
<testng-results ignored="0" total="1" passed="1" failed="0" skipped="0">
  <reporter-output>
  </reporter-output>
  <suite started-at="2024-05-07T09:38:04 BST" name="Default suite" finished-at="2024-05-07T09:38:14 BST" duration-ms="9914">
    <groups>
    </groups>
    <test started-at="2024-05-07T09:38:04 BST" name="Default test" finished-at="2024-05-07T09:38:14 BST" duration-ms="9914">
      <class name="srimettu.tests.deviceManagementTest">
        <test-method is-config="true" signature="launchApplication()[pri:0, instance:srimettu.tests.deviceManagementTest@478db956]" started-at="2024-05-07T09:38:04 BST" name="launchApplication" finished-at="2024-05-07T09:38:08 BST" duration-ms="3256" status="PASS">
          <reporter-output>
          </reporter-output>
        </test-method> <!-- launchApplication -->
        <test-method signature="deviceEdit()[pri:0, instance:srimettu.tests.deviceManagementTest@478db956]" started-at="2024-05-07T09:38:08 BST" name="deviceEdit" finished-at="2024-05-07T09:38:14 BST" duration-ms="6351" status="PASS">
          <reporter-output>
          </reporter-output>
        </test-method> <!-- deviceEdit -->
        <test-method is-config="true" signature="quitBrowser()[pri:0, instance:srimettu.tests.deviceManagementTest@478db956]" started-at="2024-05-07T09:38:14 BST" name="quitBrowser" finished-at="2024-05-07T09:38:14 BST" duration-ms="261" status="PASS">
          <reporter-output>
          </reporter-output>
        </test-method> <!-- quitBrowser -->
      </class> <!-- srimettu.tests.deviceManagementTest -->
    </test> <!-- Default test -->
  </suite> <!-- Default suite -->
</testng-results>
