<?xml version="1.0" encoding="UTF-8"?>
<testng-results ignored="0" total="2" passed="2" failed="0" skipped="0">
  <reporter-output>
  </reporter-output>
  <suite started-at="2024-05-21T12:46:15 BST" name="Default suite" finished-at="2024-05-21T12:47:17 BST" duration-ms="61944">
    <groups>
    </groups>
    <test started-at="2024-05-21T12:46:15 BST" name="Default test" finished-at="2024-05-21T12:47:17 BST" duration-ms="61944">
      <class name="srimettu.tests.SysBackup">
        <test-method is-config="true" signature="launchApplication()[pri:0, instance:srimettu.tests.SysBackup@6ca18a14]" started-at="2024-05-21T12:46:15 BST" name="launchApplication" finished-at="2024-05-21T12:46:19 BST" duration-ms="3602" status="PASS">
          <reporter-output>
          </reporter-output>
        </test-method> <!-- launchApplication -->
        <test-method signature="downloadDB()[pri:0, instance:srimettu.tests.SysBackup@6ca18a14]" started-at="2024-05-21T12:46:19 BST" name="downloadDB" finished-at="2024-05-21T12:46:44 BST" duration-ms="25748" status="PASS">
          <reporter-output>
          </reporter-output>
        </test-method> <!-- downloadDB -->
        <test-method is-config="true" signature="quitBrowser()[pri:0, instance:srimettu.tests.SysBackup@6ca18a14]" started-at="2024-05-21T12:46:44 BST" name="quitBrowser" finished-at="2024-05-21T12:46:45 BST" duration-ms="351" status="PASS">
          <reporter-output>
          </reporter-output>
        </test-method> <!-- quitBrowser -->
        <test-method is-config="true" signature="launchApplication()[pri:0, instance:srimettu.tests.SysBackup@6ca18a14]" started-at="2024-05-21T12:46:45 BST" name="launchApplication" finished-at="2024-05-21T12:46:47 BST" duration-ms="2519" status="PASS">
          <reporter-output>
          </reporter-output>
        </test-method> <!-- launchApplication -->
        <test-method signature="uploadDB()[pri:0, instance:srimettu.tests.SysBackup@6ca18a14]" started-at="2024-05-21T12:46:47 BST" name="uploadDB" finished-at="2024-05-21T12:47:17 BST" duration-ms="29380" status="PASS">
          <reporter-output>
          </reporter-output>
        </test-method> <!-- uploadDB -->
        <test-method is-config="true" signature="quitBrowser()[pri:0, instance:srimettu.tests.SysBackup@6ca18a14]" started-at="2024-05-21T12:47:17 BST" name="quitBrowser" finished-at="2024-05-21T12:47:17 BST" duration-ms="289" status="PASS">
          <reporter-output>
          </reporter-output>
        </test-method> <!-- quitBrowser -->
      </class> <!-- srimettu.tests.SysBackup -->
    </test> <!-- Default test -->
  </suite> <!-- Default suite -->
</testng-results>
