<?xml version="1.0" encoding="UTF-8"?>
<testng-results ignored="0" total="2" passed="2" failed="0" skipped="0">
  <reporter-output>
  </reporter-output>
  <suite started-at="2024-04-25T16:19:43 BST" name="Default suite" finished-at="2024-04-25T16:20:00 BST" duration-ms="17387">
    <groups>
    </groups>
    <test started-at="2024-04-25T16:19:43 BST" name="Default test" finished-at="2024-04-25T16:20:00 BST" duration-ms="17387">
      <class name="srimettu.tests.EscortManagementTest">
        <test-method is-config="true" signature="launchApplication()[pri:0, instance:srimettu.tests.EscortManagementTest@f0c8a99]" started-at="2024-04-25T16:19:43 BST" name="launchApplication" finished-at="2024-04-25T16:19:46 BST" duration-ms="3492" status="PASS">
          <reporter-output>
          </reporter-output>
        </test-method> <!-- launchApplication -->
        <test-method signature="addEscortEvent()[pri:0, instance:srimettu.tests.EscortManagementTest@f0c8a99]" started-at="2024-04-25T16:19:46 BST" name="addEscortEvent" finished-at="2024-04-25T16:19:55 BST" duration-ms="8504" status="PASS">
          <reporter-output>
          </reporter-output>
        </test-method> <!-- addEscortEvent -->
        <test-method is-config="true" signature="quitBrowser()[pri:0, instance:srimettu.tests.EscortManagementTest@f0c8a99]" started-at="2024-04-25T16:19:55 BST" name="quitBrowser" finished-at="2024-04-25T16:19:55 BST" duration-ms="277" status="PASS">
          <reporter-output>
          </reporter-output>
        </test-method> <!-- quitBrowser -->
        <test-method is-config="true" signature="launchApplication()[pri:0, instance:srimettu.tests.EscortManagementTest@f0c8a99]" started-at="2024-04-25T16:19:55 BST" name="launchApplication" finished-at="2024-04-25T16:19:57 BST" duration-ms="2436" status="PASS">
          <reporter-output>
          </reporter-output>
        </test-method> <!-- launchApplication -->
        <test-method signature="deleteEscortEvent()[pri:0, instance:srimettu.tests.EscortManagementTest@f0c8a99]" started-at="2024-04-25T16:19:57 BST" name="deleteEscortEvent" finished-at="2024-04-25T16:20:00 BST" duration-ms="2375" status="PASS">
          <reporter-output>
          </reporter-output>
        </test-method> <!-- deleteEscortEvent -->
        <test-method is-config="true" signature="quitBrowser()[pri:0, instance:srimettu.tests.EscortManagementTest@f0c8a99]" started-at="2024-04-25T16:20:00 BST" name="quitBrowser" finished-at="2024-04-25T16:20:00 BST" duration-ms="248" status="PASS">
          <reporter-output>
          </reporter-output>
        </test-method> <!-- quitBrowser -->
      </class> <!-- srimettu.tests.EscortManagementTest -->
    </test> <!-- Default test -->
  </suite> <!-- Default suite -->
</testng-results>
