<?xml version="1.0" encoding="UTF-8"?>
<testng-results ignored="0" total="4" passed="4" failed="0" skipped="0">
  <reporter-output>
  </reporter-output>
  <suite started-at="2024-05-28T09:31:37 BST" name="Default suite" finished-at="2024-05-28T09:32:52 BST" duration-ms="74931">
    <groups>
    </groups>
    <test started-at="2024-05-28T09:31:37 BST" name="Default test" finished-at="2024-05-28T09:32:52 BST" duration-ms="74931">
      <class name="srimettu.tests.SysBackup">
        <test-method is-config="true" signature="launchApplication()[pri:0, instance:srimettu.tests.SysBackup@27ff5d15]" started-at="2024-05-28T09:31:37 BST" name="launchApplication" finished-at="2024-05-28T09:31:40 BST" duration-ms="2908" status="PASS">
          <reporter-output>
          </reporter-output>
        </test-method> <!-- launchApplication -->
        <test-method signature="downloadDB()[pri:0, instance:srimettu.tests.SysBackup@27ff5d15]" started-at="2024-05-28T09:31:40 BST" name="downloadDB" finished-at="2024-05-28T09:32:05 BST" duration-ms="25140" status="PASS">
          <reporter-output>
          </reporter-output>
        </test-method> <!-- downloadDB -->
        <test-method is-config="true" signature="quitBrowser()[pri:0, instance:srimettu.tests.SysBackup@27ff5d15]" started-at="2024-05-28T09:32:05 BST" name="quitBrowser" finished-at="2024-05-28T09:32:05 BST" duration-ms="293" status="PASS">
          <reporter-output>
          </reporter-output>
        </test-method> <!-- quitBrowser -->
        <test-method is-config="true" signature="launchApplication()[pri:0, instance:srimettu.tests.SysBackup@27ff5d15]" started-at="2024-05-28T09:32:05 BST" name="launchApplication" finished-at="2024-05-28T09:32:08 BST" duration-ms="2355" status="PASS">
          <reporter-output>
          </reporter-output>
        </test-method> <!-- launchApplication -->
        <test-method signature="newBackup()[pri:0, instance:srimettu.tests.SysBackup@27ff5d15]" started-at="2024-05-28T09:32:08 BST" name="newBackup" finished-at="2024-05-28T09:32:12 BST" duration-ms="4154" status="PASS">
          <reporter-output>
          </reporter-output>
        </test-method> <!-- newBackup -->
        <test-method is-config="true" signature="quitBrowser()[pri:0, instance:srimettu.tests.SysBackup@27ff5d15]" started-at="2024-05-28T09:32:12 BST" name="quitBrowser" finished-at="2024-05-28T09:32:12 BST" duration-ms="258" status="PASS">
          <reporter-output>
          </reporter-output>
        </test-method> <!-- quitBrowser -->
        <test-method is-config="true" signature="launchApplication()[pri:0, instance:srimettu.tests.SysBackup@27ff5d15]" started-at="2024-05-28T09:32:12 BST" name="launchApplication" finished-at="2024-05-28T09:32:15 BST" duration-ms="2293" status="PASS">
          <reporter-output>
          </reporter-output>
        </test-method> <!-- launchApplication -->
        <test-method signature="deleteBackup()[pri:0, instance:srimettu.tests.SysBackup@27ff5d15]" started-at="2024-05-28T09:32:15 BST" name="deleteBackup" finished-at="2024-05-28T09:32:19 BST" depends-on-methods="srimettu.tests.SysBackup.newBackup" duration-ms="4910" status="PASS">
          <reporter-output>
          </reporter-output>
        </test-method> <!-- deleteBackup -->
        <test-method is-config="true" signature="quitBrowser()[pri:0, instance:srimettu.tests.SysBackup@27ff5d15]" started-at="2024-05-28T09:32:19 BST" name="quitBrowser" finished-at="2024-05-28T09:32:20 BST" duration-ms="268" status="PASS">
          <reporter-output>
          </reporter-output>
        </test-method> <!-- quitBrowser -->
        <test-method is-config="true" signature="launchApplication()[pri:0, instance:srimettu.tests.SysBackup@27ff5d15]" started-at="2024-05-28T09:32:20 BST" name="launchApplication" finished-at="2024-05-28T09:32:22 BST" duration-ms="2373" status="PASS">
          <reporter-output>
          </reporter-output>
        </test-method> <!-- launchApplication -->
        <test-method signature="uploadDB()[pri:0, instance:srimettu.tests.SysBackup@27ff5d15]" started-at="2024-05-28T09:32:22 BST" name="uploadDB" finished-at="2024-05-28T09:32:52 BST" depends-on-methods="srimettu.tests.SysBackup.downloadDB" duration-ms="29628" status="PASS">
          <reporter-output>
          </reporter-output>
        </test-method> <!-- uploadDB -->
        <test-method is-config="true" signature="quitBrowser()[pri:0, instance:srimettu.tests.SysBackup@27ff5d15]" started-at="2024-05-28T09:32:52 BST" name="quitBrowser" finished-at="2024-05-28T09:32:52 BST" duration-ms="288" status="PASS">
          <reporter-output>
          </reporter-output>
        </test-method> <!-- quitBrowser -->
      </class> <!-- srimettu.tests.SysBackup -->
    </test> <!-- Default test -->
  </suite> <!-- Default suite -->
</testng-results>
