<?xml version="1.0" encoding="UTF-8"?>
<testng-results ignored="0" total="1" passed="1" failed="0" skipped="0">
  <reporter-output>
  </reporter-output>
  <suite started-at="2024-05-16T09:07:47 BST" name="Default suite" finished-at="2024-05-16T09:07:59 BST" duration-ms="11789">
    <groups>
    </groups>
    <test started-at="2024-05-16T09:07:47 BST" name="Default test" finished-at="2024-05-16T09:07:59 BST" duration-ms="11789">
      <class name="srimettu.tests.deviceManagementTest">
        <test-method is-config="true" signature="launchApplication()[pri:0, instance:srimettu.tests.deviceManagementTest@13d9cbf5]" started-at="2024-05-16T09:07:47 BST" name="launchApplication" finished-at="2024-05-16T09:07:50 BST" duration-ms="2927" status="PASS">
          <reporter-output>
          </reporter-output>
        </test-method> <!-- launchApplication -->
        <test-method signature="deviceEdit()[pri:0, instance:srimettu.tests.deviceManagementTest@13d9cbf5]" started-at="2024-05-16T09:07:50 BST" name="deviceEdit" finished-at="2024-05-16T09:07:59 BST" duration-ms="8567" status="PASS">
          <reporter-output>
          </reporter-output>
        </test-method> <!-- deviceEdit -->
        <test-method is-config="true" signature="quitBrowser()[pri:0, instance:srimettu.tests.deviceManagementTest@13d9cbf5]" started-at="2024-05-16T09:07:59 BST" name="quitBrowser" finished-at="2024-05-16T09:07:59 BST" duration-ms="241" status="PASS">
          <reporter-output>
          </reporter-output>
        </test-method> <!-- quitBrowser -->
      </class> <!-- srimettu.tests.deviceManagementTest -->
    </test> <!-- Default test -->
  </suite> <!-- Default suite -->
</testng-results>
